[    2426ms] [WARNING] K-line load error: SyntaxError: Unexpected token '<', "<!doctype "... is not valid JSON @ http://localhost:18789/dashboard/trader:4146
[  167402ms] [ERROR] Failed to load resource: net::ERR_CONNECTION_REFUSED @ http://localhost:18789/api/v1/finance/orderbook/BTC%2FUSDT?limit=20:0
[  169019ms] [ERROR] Failed to load resource: net::ERR_INCOMPLETE_CHUNKED_ENCODING @ http://localhost:18789/api/v1/finance/trading/stream:0
[  169019ms] [ERROR] Failed to load resource: net::ERR_INCOMPLETE_CHUNKED_ENCODING @ http://localhost:18789/api/v1/finance/events/stream:0
[  170022ms] [ERROR] Failed to load resource: net::ERR_CONNECTION_REFUSED @ http://localhost:18789/api/v1/finance/trading/stream:0
[  170022ms] [ERROR] Failed to load resource: net::ERR_CONNECTION_REFUSED @ http://localhost:18789/api/v1/finance/events/stream:0
[  172023ms] [ERROR] Failed to load resource: net::ERR_CONNECTION_REFUSED @ http://localhost:18789/api/v1/finance/trading/stream:0
[  172024ms] [ERROR] Failed to load resource: net::ERR_CONNECTION_REFUSED @ http://localhost:18789/api/v1/finance/events/stream:0
[  172024ms] [ERROR] Failed to load resource: net::ERR_CONNECTION_REFUSED @ http://localhost:18789/api/v1/finance/trading:0
[  172024ms] [ERROR] Failed to load resource: net::ERR_CONNECTION_REFUSED @ http://localhost:18789/api/v1/finance/events:0
[  172401ms] [ERROR] Failed to load resource: net::ERR_CONNECTION_REFUSED @ http://localhost:18789/api/v1/finance/orderbook/BTC%2FUSDT?limit=20:0
[  177025ms] [ERROR] Failed to load resource: net::ERR_CONNECTION_REFUSED @ http://localhost:18789/api/v1/finance/events:0
[  177401ms] [ERROR] Failed to load resource: net::ERR_CONNECTION_REFUSED @ http://localhost:18789/api/v1/finance/orderbook/BTC%2FUSDT?limit=20:0
[  182027ms] [ERROR] Failed to load resource: net::ERR_CONNECTION_REFUSED @ http://localhost:18789/api/v1/finance/trading:0
[  182027ms] [ERROR] Failed to load resource: net::ERR_CONNECTION_REFUSED @ http://localhost:18789/api/v1/finance/events:0
[  182401ms] [ERROR] Failed to load resource: net::ERR_CONNECTION_REFUSED @ http://localhost:18789/api/v1/finance/orderbook/BTC%2FUSDT?limit=20:0
[  187026ms] [ERROR] Failed to load resource: net::ERR_CONNECTION_REFUSED @ http://localhost:18789/api/v1/finance/events:0
[  187401ms] [ERROR] Failed to load resource: net::ERR_CONNECTION_REFUSED @ http://localhost:18789/api/v1/finance/orderbook/BTC%2FUSDT?limit=20:0
[  192026ms] [ERROR] Failed to load resource: net::ERR_CONNECTION_REFUSED @ http://localhost:18789/api/v1/finance/trading:0
[  192026ms] [ERROR] Failed to load resource: net::ERR_CONNECTION_REFUSED @ http://localhost:18789/api/v1/finance/events:0
[  192402ms] [ERROR] Failed to load resource: net::ERR_CONNECTION_REFUSED @ http://localhost:18789/api/v1/finance/orderbook/BTC%2FUSDT?limit=20:0
[  197033ms] [ERROR] Failed to load resource: net::ERR_CONNECTION_REFUSED @ http://localhost:18789/api/v1/finance/events:0
[  197400ms] [ERROR] Failed to load resource: net::ERR_CONNECTION_REFUSED @ http://localhost:18789/api/v1/finance/orderbook/BTC%2FUSDT?limit=20:0
[  202026ms] [ERROR] Failed to load resource: net::ERR_CONNECTION_REFUSED @ http://localhost:18789/api/v1/finance/trading:0
[  202026ms] [ERROR] Failed to load resource: net::ERR_CONNECTION_REFUSED @ http://localhost:18789/api/v1/finance/events:0
[  202401ms] [ERROR] Failed to load resource: net::ERR_CONNECTION_REFUSED @ http://localhost:18789/api/v1/finance/orderbook/BTC%2FUSDT?limit=20:0
[  207025ms] [ERROR] Failed to load resource: net::ERR_CONNECTION_REFUSED @ http://localhost:18789/api/v1/finance/events:0
[  207401ms] [ERROR] Failed to load resource: net::ERR_CONNECTION_REFUSED @ http://localhost:18789/api/v1/finance/orderbook/BTC%2FUSDT?limit=20:0
[  212025ms] [ERROR] Failed to load resource: net::ERR_CONNECTION_REFUSED @ http://localhost:18789/api/v1/finance/trading:0
[  212025ms] [ERROR] Failed to load resource: net::ERR_CONNECTION_REFUSED @ http://localhost:18789/api/v1/finance/events:0
[  212401ms] [ERROR] Failed to load resource: net::ERR_CONNECTION_REFUSED @ http://localhost:18789/api/v1/finance/orderbook/BTC%2FUSDT?limit=20:0
[  217025ms] [ERROR] Failed to load resource: net::ERR_CONNECTION_REFUSED @ http://localhost:18789/api/v1/finance/events:0
[  217401ms] [ERROR] Failed to load resource: net::ERR_CONNECTION_REFUSED @ http://localhost:18789/api/v1/finance/orderbook/BTC%2FUSDT?limit=20:0
