{"timestamp":"2026-03-06T19:41:24.802Z","action":"sender_rejected","sender":"Frank Ventura <fjventura20@outlook.com>","allowlist":["fjventura20@gmail.com","fjventura20@outlook.com"],"reason":"sender_not_in_allowlist"}
{"timestamp":"2026-03-06T19:41:24.803Z","action":"sender_rejected","sender":"Frank Ventura <fjventura20@outlook.com>","allowlist":["fjventura20@gmail.com","fjventura20@outlook.com"],"reason":"sender_not_in_allowlist"}
{"timestamp":"2026-03-06T19:41:24.803Z","action":"sender_rejected","sender":"Frank Ventura <fjventura20@outlook.com>","allowlist":["fjventura20@gmail.com","fjventura20@outlook.com"],"reason":"sender_not_in_allowlist"}
{"timestamp":"2026-03-06T19:41:24.804Z","action":"sender_rejected","sender":"Frank Ventura <fjventura20@outlook.com>","allowlist":["fjventura20@gmail.com","fjventura20@outlook.com"],"reason":"sender_not_in_allowlist"}
{"timestamp":"2026-03-06T19:41:24.804Z","action":"sender_rejected","sender":"TimsMail <timsmail@agentmail.to>","allowlist":["fjventura20@gmail.com","fjventura20@outlook.com"],"reason":"sender_not_in_allowlist"}
{"timestamp":"2026-03-06T19:41:24.805Z","action":"sender_rejected","sender":"TimsMail <timsmail@agentmail.to>","allowlist":["fjventura20@gmail.com","fjventura20@outlook.com"],"reason":"sender_not_in_allowlist"}
{"timestamp":"2026-03-06T19:41:24.805Z","action":"sender_rejected","sender":"Frank Ventura <fjventura20@outlook.com>","allowlist":["fjventura20@gmail.com","fjventura20@outlook.com"],"reason":"sender_not_in_allowlist"}
{"timestamp":"2026-03-06T19:41:24.806Z","action":"sender_rejected","sender":"Frank Ventura <fjventura20@outlook.com>","allowlist":["fjventura20@gmail.com","fjventura20@outlook.com"],"reason":"sender_not_in_allowlist"}
{"timestamp":"2026-03-06T19:41:24.806Z","action":"sender_rejected","sender":"Frank Ventura <fjventura20@outlook.com>","allowlist":["fjventura20@gmail.com","fjventura20@outlook.com"],"reason":"sender_not_in_allowlist"}
{"timestamp":"2026-03-06T19:41:24.806Z","action":"sender_rejected","sender":"Frank Ventura <fjventura20@outlook.com>","allowlist":["fjventura20@gmail.com","fjventura20@outlook.com"],"reason":"sender_not_in_allowlist"}
{"timestamp":"2026-03-06T19:41:24.807Z","action":"sender_rejected","sender":"TimsMail <timsmail@agentmail.to>","allowlist":["fjventura20@gmail.com","fjventura20@outlook.com"],"reason":"sender_not_in_allowlist"}
{"timestamp":"2026-03-06T19:41:24.807Z","action":"sender_rejected","sender":"TimsMail <timsmail@agentmail.to>","allowlist":["fjventura20@gmail.com","fjventura20@outlook.com"],"reason":"sender_not_in_allowlist"}
{"timestamp":"2026-03-06T19:41:54.970Z","action":"sender_rejected","sender":"Frank Ventura <fjventura20@outlook.com>","allowlist":["fjventura20@gmail.com","fjventura20@outlook.com"],"reason":"sender_not_in_allowlist"}
{"timestamp":"2026-03-06T19:41:54.970Z","action":"sender_rejected","sender":"Frank Ventura <fjventura20@outlook.com>","allowlist":["fjventura20@gmail.com","fjventura20@outlook.com"],"reason":"sender_not_in_allowlist"}
{"timestamp":"2026-03-06T19:41:54.970Z","action":"sender_rejected","sender":"Frank Ventura <fjventura20@outlook.com>","allowlist":["fjventura20@gmail.com","fjventura20@outlook.com"],"reason":"sender_not_in_allowlist"}
{"timestamp":"2026-03-06T19:41:54.971Z","action":"sender_rejected","sender":"Frank Ventura <fjventura20@outlook.com>","allowlist":["fjventura20@gmail.com","fjventura20@outlook.com"],"reason":"sender_not_in_allowlist"}
{"timestamp":"2026-03-06T19:41:54.971Z","action":"sender_rejected","sender":"TimsMail <timsmail@agentmail.to>","allowlist":["fjventura20@gmail.com","fjventura20@outlook.com"],"reason":"sender_not_in_allowlist"}
{"timestamp":"2026-03-06T19:41:54.972Z","action":"sender_rejected","sender":"TimsMail <timsmail@agentmail.to>","allowlist":["fjventura20@gmail.com","fjventura20@outlook.com"],"reason":"sender_not_in_allowlist"}
{"timestamp":"2026-03-06T19:41:54.972Z","action":"sender_rejected","sender":"Frank Ventura <fjventura20@outlook.com>","allowlist":["fjventura20@gmail.com","fjventura20@outlook.com"],"reason":"sender_not_in_allowlist"}
{"timestamp":"2026-03-06T19:41:54.973Z","action":"sender_rejected","sender":"Frank Ventura <fjventura20@outlook.com>","allowlist":["fjventura20@gmail.com","fjventura20@outlook.com"],"reason":"sender_not_in_allowlist"}
{"timestamp":"2026-03-06T19:41:54.973Z","action":"sender_rejected","sender":"Frank Ventura <fjventura20@outlook.com>","allowlist":["fjventura20@gmail.com","fjventura20@outlook.com"],"reason":"sender_not_in_allowlist"}
{"timestamp":"2026-03-06T19:41:54.973Z","action":"sender_rejected","sender":"Frank Ventura <fjventura20@outlook.com>","allowlist":["fjventura20@gmail.com","fjventura20@outlook.com"],"reason":"sender_not_in_allowlist"}
{"timestamp":"2026-03-06T19:41:54.973Z","action":"sender_rejected","sender":"TimsMail <timsmail@agentmail.to>","allowlist":["fjventura20@gmail.com","fjventura20@outlook.com"],"reason":"sender_not_in_allowlist"}
{"timestamp":"2026-03-06T19:41:54.974Z","action":"sender_rejected","sender":"TimsMail <timsmail@agentmail.to>","allowlist":["fjventura20@gmail.com","fjventura20@outlook.com"],"reason":"sender_not_in_allowlist"}
{"timestamp":"2026-03-06T19:42:25.068Z","action":"sender_rejected","sender":"Frank Ventura <fjventura20@outlook.com>","allowlist":["fjventura20@gmail.com","fjventura20@outlook.com"],"reason":"sender_not_in_allowlist"}
{"timestamp":"2026-03-06T19:42:25.068Z","action":"sender_rejected","sender":"Frank Ventura <fjventura20@outlook.com>","allowlist":["fjventura20@gmail.com","fjventura20@outlook.com"],"reason":"sender_not_in_allowlist"}
{"timestamp":"2026-03-06T19:42:25.069Z","action":"sender_rejected","sender":"Frank Ventura <fjventura20@outlook.com>","allowlist":["fjventura20@gmail.com","fjventura20@outlook.com"],"reason":"sender_not_in_allowlist"}
{"timestamp":"2026-03-06T19:42:25.070Z","action":"sender_rejected","sender":"Frank Ventura <fjventura20@outlook.com>","allowlist":["fjventura20@gmail.com","fjventura20@outlook.com"],"reason":"sender_not_in_allowlist"}
{"timestamp":"2026-03-06T19:42:25.071Z","action":"sender_rejected","sender":"TimsMail <timsmail@agentmail.to>","allowlist":["fjventura20@gmail.com","fjventura20@outlook.com"],"reason":"sender_not_in_allowlist"}
{"timestamp":"2026-03-06T19:42:25.071Z","action":"sender_rejected","sender":"TimsMail <timsmail@agentmail.to>","allowlist":["fjventura20@gmail.com","fjventura20@outlook.com"],"reason":"sender_not_in_allowlist"}
{"timestamp":"2026-03-06T19:42:25.072Z","action":"sender_rejected","sender":"Frank Ventura <fjventura20@outlook.com>","allowlist":["fjventura20@gmail.com","fjventura20@outlook.com"],"reason":"sender_not_in_allowlist"}
{"timestamp":"2026-03-06T19:42:25.072Z","action":"sender_rejected","sender":"Frank Ventura <fjventura20@outlook.com>","allowlist":["fjventura20@gmail.com","fjventura20@outlook.com"],"reason":"sender_not_in_allowlist"}
{"timestamp":"2026-03-06T19:42:25.073Z","action":"sender_rejected","sender":"Frank Ventura <fjventura20@outlook.com>","allowlist":["fjventura20@gmail.com","fjventura20@outlook.com"],"reason":"sender_not_in_allowlist"}
{"timestamp":"2026-03-06T19:42:25.073Z","action":"sender_rejected","sender":"Frank Ventura <fjventura20@outlook.com>","allowlist":["fjventura20@gmail.com","fjventura20@outlook.com"],"reason":"sender_not_in_allowlist"}
{"timestamp":"2026-03-06T19:42:25.073Z","action":"sender_rejected","sender":"TimsMail <timsmail@agentmail.to>","allowlist":["fjventura20@gmail.com","fjventura20@outlook.com"],"reason":"sender_not_in_allowlist"}
{"timestamp":"2026-03-06T19:42:25.074Z","action":"sender_rejected","sender":"TimsMail <timsmail@agentmail.to>","allowlist":["fjventura20@gmail.com","fjventura20@outlook.com"],"reason":"sender_not_in_allowlist"}
{"timestamp":"2026-03-06T19:42:55.015Z","action":"sender_rejected","sender":"Frank Ventura <fjventura20@outlook.com>","allowlist":["fjventura20@gmail.com","fjventura20@outlook.com"],"reason":"sender_not_in_allowlist"}
{"timestamp":"2026-03-06T19:42:55.015Z","action":"sender_rejected","sender":"Frank Ventura <fjventura20@outlook.com>","allowlist":["fjventura20@gmail.com","fjventura20@outlook.com"],"reason":"sender_not_in_allowlist"}
{"timestamp":"2026-03-06T19:42:55.017Z","action":"sender_rejected","sender":"Frank Ventura <fjventura20@outlook.com>","allowlist":["fjventura20@gmail.com","fjventura20@outlook.com"],"reason":"sender_not_in_allowlist"}
{"timestamp":"2026-03-06T19:42:55.018Z","action":"sender_rejected","sender":"Frank Ventura <fjventura20@outlook.com>","allowlist":["fjventura20@gmail.com","fjventura20@outlook.com"],"reason":"sender_not_in_allowlist"}
{"timestamp":"2026-03-06T19:42:55.018Z","action":"sender_rejected","sender":"TimsMail <timsmail@agentmail.to>","allowlist":["fjventura20@gmail.com","fjventura20@outlook.com"],"reason":"sender_not_in_allowlist"}
{"timestamp":"2026-03-06T19:42:55.018Z","action":"sender_rejected","sender":"TimsMail <timsmail@agentmail.to>","allowlist":["fjventura20@gmail.com","fjventura20@outlook.com"],"reason":"sender_not_in_allowlist"}
{"timestamp":"2026-03-06T19:42:55.019Z","action":"sender_rejected","sender":"Frank Ventura <fjventura20@outlook.com>","allowlist":["fjventura20@gmail.com","fjventura20@outlook.com"],"reason":"sender_not_in_allowlist"}
{"timestamp":"2026-03-06T19:42:55.019Z","action":"sender_rejected","sender":"Frank Ventura <fjventura20@outlook.com>","allowlist":["fjventura20@gmail.com","fjventura20@outlook.com"],"reason":"sender_not_in_allowlist"}
{"timestamp":"2026-03-06T19:42:55.019Z","action":"sender_rejected","sender":"Frank Ventura <fjventura20@outlook.com>","allowlist":["fjventura20@gmail.com","fjventura20@outlook.com"],"reason":"sender_not_in_allowlist"}
{"timestamp":"2026-03-06T19:42:55.020Z","action":"sender_rejected","sender":"Frank Ventura <fjventura20@outlook.com>","allowlist":["fjventura20@gmail.com","fjventura20@outlook.com"],"reason":"sender_not_in_allowlist"}
{"timestamp":"2026-03-06T19:42:55.020Z","action":"sender_rejected","sender":"TimsMail <timsmail@agentmail.to>","allowlist":["fjventura20@gmail.com","fjventura20@outlook.com"],"reason":"sender_not_in_allowlist"}
{"timestamp":"2026-03-06T19:42:55.020Z","action":"sender_rejected","sender":"TimsMail <timsmail@agentmail.to>","allowlist":["fjventura20@gmail.com","fjventura20@outlook.com"],"reason":"sender_not_in_allowlist"}
{"timestamp":"2026-03-06T19:43:25.015Z","action":"sender_rejected","sender":"Frank Ventura <fjventura20@outlook.com>","allowlist":["fjventura20@gmail.com","fjventura20@outlook.com"],"reason":"sender_not_in_allowlist"}
{"timestamp":"2026-03-06T19:43:25.016Z","action":"sender_rejected","sender":"Frank Ventura <fjventura20@outlook.com>","allowlist":["fjventura20@gmail.com","fjventura20@outlook.com"],"reason":"sender_not_in_allowlist"}
{"timestamp":"2026-03-06T19:43:25.016Z","action":"sender_rejected","sender":"Frank Ventura <fjventura20@outlook.com>","allowlist":["fjventura20@gmail.com","fjventura20@outlook.com"],"reason":"sender_not_in_allowlist"}
{"timestamp":"2026-03-06T19:43:25.017Z","action":"sender_rejected","sender":"Frank Ventura <fjventura20@outlook.com>","allowlist":["fjventura20@gmail.com","fjventura20@outlook.com"],"reason":"sender_not_in_allowlist"}
{"timestamp":"2026-03-06T19:43:25.018Z","action":"sender_rejected","sender":"Frank Ventura <fjventura20@outlook.com>","allowlist":["fjventura20@gmail.com","fjventura20@outlook.com"],"reason":"sender_not_in_allowlist"}
{"timestamp":"2026-03-06T19:43:25.019Z","action":"sender_rejected","sender":"TimsMail <timsmail@agentmail.to>","allowlist":["fjventura20@gmail.com","fjventura20@outlook.com"],"reason":"sender_not_in_allowlist"}
{"timestamp":"2026-03-06T19:43:25.019Z","action":"sender_rejected","sender":"TimsMail <timsmail@agentmail.to>","allowlist":["fjventura20@gmail.com","fjventura20@outlook.com"],"reason":"sender_not_in_allowlist"}
{"timestamp":"2026-03-06T19:43:25.020Z","action":"sender_rejected","sender":"Frank Ventura <fjventura20@outlook.com>","allowlist":["fjventura20@gmail.com","fjventura20@outlook.com"],"reason":"sender_not_in_allowlist"}
{"timestamp":"2026-03-06T19:43:25.020Z","action":"sender_rejected","sender":"Frank Ventura <fjventura20@outlook.com>","allowlist":["fjventura20@gmail.com","fjventura20@outlook.com"],"reason":"sender_not_in_allowlist"}
{"timestamp":"2026-03-06T19:43:25.021Z","action":"sender_rejected","sender":"Frank Ventura <fjventura20@outlook.com>","allowlist":["fjventura20@gmail.com","fjventura20@outlook.com"],"reason":"sender_not_in_allowlist"}
{"timestamp":"2026-03-06T19:43:25.021Z","action":"sender_rejected","sender":"Frank Ventura <fjventura20@outlook.com>","allowlist":["fjventura20@gmail.com","fjventura20@outlook.com"],"reason":"sender_not_in_allowlist"}
{"timestamp":"2026-03-06T19:43:25.021Z","action":"sender_rejected","sender":"Frank Ventura <fjventura20@outlook.com>","allowlist":["fjventura20@gmail.com","fjventura20@outlook.com"],"reason":"sender_not_in_allowlist"}
{"timestamp":"2026-03-06T19:43:25.021Z","action":"sender_rejected","sender":"TimsMail <timsmail@agentmail.to>","allowlist":["fjventura20@gmail.com","fjventura20@outlook.com"],"reason":"sender_not_in_allowlist"}
{"timestamp":"2026-03-06T19:43:25.022Z","action":"sender_rejected","sender":"TimsMail <timsmail@agentmail.to>","allowlist":["fjventura20@gmail.com","fjventura20@outlook.com"],"reason":"sender_not_in_allowlist"}
{"timestamp":"2026-03-06T19:43:54.994Z","action":"sender_rejected","sender":"Frank Ventura <fjventura20@outlook.com>","allowlist":["fjventura20@gmail.com","fjventura20@outlook.com"],"reason":"sender_not_in_allowlist"}
{"timestamp":"2026-03-06T19:43:54.994Z","action":"sender_rejected","sender":"Frank Ventura <fjventura20@outlook.com>","allowlist":["fjventura20@gmail.com","fjventura20@outlook.com"],"reason":"sender_not_in_allowlist"}
{"timestamp":"2026-03-06T19:43:54.995Z","action":"sender_rejected","sender":"Frank Ventura <fjventura20@outlook.com>","allowlist":["fjventura20@gmail.com","fjventura20@outlook.com"],"reason":"sender_not_in_allowlist"}
{"timestamp":"2026-03-06T19:43:54.996Z","action":"sender_rejected","sender":"Frank Ventura <fjventura20@outlook.com>","allowlist":["fjventura20@gmail.com","fjventura20@outlook.com"],"reason":"sender_not_in_allowlist"}
{"timestamp":"2026-03-06T19:43:54.997Z","action":"sender_rejected","sender":"Frank Ventura <fjventura20@outlook.com>","allowlist":["fjventura20@gmail.com","fjventura20@outlook.com"],"reason":"sender_not_in_allowlist"}
{"timestamp":"2026-03-06T19:43:54.997Z","action":"sender_rejected","sender":"TimsMail <timsmail@agentmail.to>","allowlist":["fjventura20@gmail.com","fjventura20@outlook.com"],"reason":"sender_not_in_allowlist"}
{"timestamp":"2026-03-06T19:43:54.998Z","action":"sender_rejected","sender":"TimsMail <timsmail@agentmail.to>","allowlist":["fjventura20@gmail.com","fjventura20@outlook.com"],"reason":"sender_not_in_allowlist"}
{"timestamp":"2026-03-06T19:43:54.998Z","action":"sender_rejected","sender":"Frank Ventura <fjventura20@outlook.com>","allowlist":["fjventura20@gmail.com","fjventura20@outlook.com"],"reason":"sender_not_in_allowlist"}
{"timestamp":"2026-03-06T19:43:54.998Z","action":"sender_rejected","sender":"Frank Ventura <fjventura20@outlook.com>","allowlist":["fjventura20@gmail.com","fjventura20@outlook.com"],"reason":"sender_not_in_allowlist"}
{"timestamp":"2026-03-06T19:43:54.999Z","action":"sender_rejected","sender":"Frank Ventura <fjventura20@outlook.com>","allowlist":["fjventura20@gmail.com","fjventura20@outlook.com"],"reason":"sender_not_in_allowlist"}
{"timestamp":"2026-03-06T19:43:54.999Z","action":"sender_rejected","sender":"Frank Ventura <fjventura20@outlook.com>","allowlist":["fjventura20@gmail.com","fjventura20@outlook.com"],"reason":"sender_not_in_allowlist"}
{"timestamp":"2026-03-06T19:43:54.999Z","action":"sender_rejected","sender":"Frank Ventura <fjventura20@outlook.com>","allowlist":["fjventura20@gmail.com","fjventura20@outlook.com"],"reason":"sender_not_in_allowlist"}
{"timestamp":"2026-03-06T19:43:55.000Z","action":"sender_rejected","sender":"TimsMail <timsmail@agentmail.to>","allowlist":["fjventura20@gmail.com","fjventura20@outlook.com"],"reason":"sender_not_in_allowlist"}
{"timestamp":"2026-03-06T19:43:55.000Z","action":"sender_rejected","sender":"TimsMail <timsmail@agentmail.to>","allowlist":["fjventura20@gmail.com","fjventura20@outlook.com"],"reason":"sender_not_in_allowlist"}
{"timestamp":"2026-03-06T19:44:25.006Z","action":"sender_rejected","sender":"Frank Ventura <fjventura20@outlook.com>","allowlist":["fjventura20@gmail.com","fjventura20@outlook.com"],"reason":"sender_not_in_allowlist"}
{"timestamp":"2026-03-06T19:44:25.007Z","action":"sender_rejected","sender":"Frank Ventura <fjventura20@outlook.com>","allowlist":["fjventura20@gmail.com","fjventura20@outlook.com"],"reason":"sender_not_in_allowlist"}
{"timestamp":"2026-03-06T19:44:25.007Z","action":"sender_rejected","sender":"Frank Ventura <fjventura20@outlook.com>","allowlist":["fjventura20@gmail.com","fjventura20@outlook.com"],"reason":"sender_not_in_allowlist"}
{"timestamp":"2026-03-06T19:44:25.009Z","action":"sender_rejected","sender":"Frank Ventura <fjventura20@outlook.com>","allowlist":["fjventura20@gmail.com","fjventura20@outlook.com"],"reason":"sender_not_in_allowlist"}
{"timestamp":"2026-03-06T19:44:25.009Z","action":"sender_rejected","sender":"Frank Ventura <fjventura20@outlook.com>","allowlist":["fjventura20@gmail.com","fjventura20@outlook.com"],"reason":"sender_not_in_allowlist"}
{"timestamp":"2026-03-06T19:44:25.010Z","action":"sender_rejected","sender":"TimsMail <timsmail@agentmail.to>","allowlist":["fjventura20@gmail.com","fjventura20@outlook.com"],"reason":"sender_not_in_allowlist"}
{"timestamp":"2026-03-06T19:44:25.010Z","action":"sender_rejected","sender":"TimsMail <timsmail@agentmail.to>","allowlist":["fjventura20@gmail.com","fjventura20@outlook.com"],"reason":"sender_not_in_allowlist"}
{"timestamp":"2026-03-06T19:44:25.011Z","action":"sender_rejected","sender":"Frank Ventura <fjventura20@outlook.com>","allowlist":["fjventura20@gmail.com","fjventura20@outlook.com"],"reason":"sender_not_in_allowlist"}
{"timestamp":"2026-03-06T19:44:25.011Z","action":"sender_rejected","sender":"Frank Ventura <fjventura20@outlook.com>","allowlist":["fjventura20@gmail.com","fjventura20@outlook.com"],"reason":"sender_not_in_allowlist"}
{"timestamp":"2026-03-06T19:44:25.011Z","action":"sender_rejected","sender":"Frank Ventura <fjventura20@outlook.com>","allowlist":["fjventura20@gmail.com","fjventura20@outlook.com"],"reason":"sender_not_in_allowlist"}
{"timestamp":"2026-03-06T19:44:25.012Z","action":"sender_rejected","sender":"Frank Ventura <fjventura20@outlook.com>","allowlist":["fjventura20@gmail.com","fjventura20@outlook.com"],"reason":"sender_not_in_allowlist"}
{"timestamp":"2026-03-06T19:44:25.012Z","action":"sender_rejected","sender":"Frank Ventura <fjventura20@outlook.com>","allowlist":["fjventura20@gmail.com","fjventura20@outlook.com"],"reason":"sender_not_in_allowlist"}
{"timestamp":"2026-03-06T19:44:25.013Z","action":"sender_rejected","sender":"TimsMail <timsmail@agentmail.to>","allowlist":["fjventura20@gmail.com","fjventura20@outlook.com"],"reason":"sender_not_in_allowlist"}
{"timestamp":"2026-03-06T19:44:25.013Z","action":"sender_rejected","sender":"TimsMail <timsmail@agentmail.to>","allowlist":["fjventura20@gmail.com","fjventura20@outlook.com"],"reason":"sender_not_in_allowlist"}
{"timestamp":"2026-03-06T19:44:55.022Z","action":"sender_rejected","sender":"Frank Ventura <fjventura20@outlook.com>","allowlist":["fjventura20@gmail.com","fjventura20@outlook.com"],"reason":"sender_not_in_allowlist"}
{"timestamp":"2026-03-06T19:44:55.023Z","action":"sender_rejected","sender":"Frank Ventura <fjventura20@outlook.com>","allowlist":["fjventura20@gmail.com","fjventura20@outlook.com"],"reason":"sender_not_in_allowlist"}
{"timestamp":"2026-03-06T19:44:55.023Z","action":"sender_rejected","sender":"Frank Ventura <fjventura20@outlook.com>","allowlist":["fjventura20@gmail.com","fjventura20@outlook.com"],"reason":"sender_not_in_allowlist"}
{"timestamp":"2026-03-06T19:44:55.023Z","action":"sender_rejected","sender":"Frank Ventura <fjventura20@outlook.com>","allowlist":["fjventura20@gmail.com","fjventura20@outlook.com"],"reason":"sender_not_in_allowlist"}
{"timestamp":"2026-03-06T19:44:55.025Z","action":"sender_rejected","sender":"Frank Ventura <fjventura20@outlook.com>","allowlist":["fjventura20@gmail.com","fjventura20@outlook.com"],"reason":"sender_not_in_allowlist"}
{"timestamp":"2026-03-06T19:44:55.025Z","action":"sender_rejected","sender":"TimsMail <timsmail@agentmail.to>","allowlist":["fjventura20@gmail.com","fjventura20@outlook.com"],"reason":"sender_not_in_allowlist"}
{"timestamp":"2026-03-06T19:44:55.026Z","action":"sender_rejected","sender":"TimsMail <timsmail@agentmail.to>","allowlist":["fjventura20@gmail.com","fjventura20@outlook.com"],"reason":"sender_not_in_allowlist"}
{"timestamp":"2026-03-06T19:44:55.026Z","action":"sender_rejected","sender":"Frank Ventura <fjventura20@outlook.com>","allowlist":["fjventura20@gmail.com","fjventura20@outlook.com"],"reason":"sender_not_in_allowlist"}
{"timestamp":"2026-03-06T19:44:55.026Z","action":"sender_rejected","sender":"Frank Ventura <fjventura20@outlook.com>","allowlist":["fjventura20@gmail.com","fjventura20@outlook.com"],"reason":"sender_not_in_allowlist"}
{"timestamp":"2026-03-06T19:44:55.027Z","action":"sender_rejected","sender":"Frank Ventura <fjventura20@outlook.com>","allowlist":["fjventura20@gmail.com","fjventura20@outlook.com"],"reason":"sender_not_in_allowlist"}
{"timestamp":"2026-03-06T19:44:55.027Z","action":"sender_rejected","sender":"Frank Ventura <fjventura20@outlook.com>","allowlist":["fjventura20@gmail.com","fjventura20@outlook.com"],"reason":"sender_not_in_allowlist"}
{"timestamp":"2026-03-06T19:44:55.027Z","action":"sender_rejected","sender":"Frank Ventura <fjventura20@outlook.com>","allowlist":["fjventura20@gmail.com","fjventura20@outlook.com"],"reason":"sender_not_in_allowlist"}
{"timestamp":"2026-03-06T19:44:55.027Z","action":"sender_rejected","sender":"TimsMail <timsmail@agentmail.to>","allowlist":["fjventura20@gmail.com","fjventura20@outlook.com"],"reason":"sender_not_in_allowlist"}
{"timestamp":"2026-03-06T19:44:55.028Z","action":"sender_rejected","sender":"TimsMail <timsmail@agentmail.to>","allowlist":["fjventura20@gmail.com","fjventura20@outlook.com"],"reason":"sender_not_in_allowlist"}
{"timestamp":"2026-03-06T19:45:25.025Z","action":"sender_rejected","sender":"Frank Ventura <fjventura20@outlook.com>","allowlist":["fjventura20@gmail.com","fjventura20@outlook.com"],"reason":"sender_not_in_allowlist"}
{"timestamp":"2026-03-06T19:45:25.026Z","action":"sender_rejected","sender":"Frank Ventura <fjventura20@outlook.com>","allowlist":["fjventura20@gmail.com","fjventura20@outlook.com"],"reason":"sender_not_in_allowlist"}
{"timestamp":"2026-03-06T19:45:25.026Z","action":"sender_rejected","sender":"Frank Ventura <fjventura20@outlook.com>","allowlist":["fjventura20@gmail.com","fjventura20@outlook.com"],"reason":"sender_not_in_allowlist"}
{"timestamp":"2026-03-06T19:45:25.027Z","action":"sender_rejected","sender":"Frank Ventura <fjventura20@outlook.com>","allowlist":["fjventura20@gmail.com","fjventura20@outlook.com"],"reason":"sender_not_in_allowlist"}
{"timestamp":"2026-03-06T19:45:25.028Z","action":"sender_rejected","sender":"Frank Ventura <fjventura20@outlook.com>","allowlist":["fjventura20@gmail.com","fjventura20@outlook.com"],"reason":"sender_not_in_allowlist"}
{"timestamp":"2026-03-06T19:45:25.029Z","action":"sender_rejected","sender":"TimsMail <timsmail@agentmail.to>","allowlist":["fjventura20@gmail.com","fjventura20@outlook.com"],"reason":"sender_not_in_allowlist"}
{"timestamp":"2026-03-06T19:45:25.029Z","action":"sender_rejected","sender":"TimsMail <timsmail@agentmail.to>","allowlist":["fjventura20@gmail.com","fjventura20@outlook.com"],"reason":"sender_not_in_allowlist"}
{"timestamp":"2026-03-06T19:45:25.030Z","action":"sender_rejected","sender":"Frank Ventura <fjventura20@outlook.com>","allowlist":["fjventura20@gmail.com","fjventura20@outlook.com"],"reason":"sender_not_in_allowlist"}
{"timestamp":"2026-03-06T19:45:25.030Z","action":"sender_rejected","sender":"Frank Ventura <fjventura20@outlook.com>","allowlist":["fjventura20@gmail.com","fjventura20@outlook.com"],"reason":"sender_not_in_allowlist"}
{"timestamp":"2026-03-06T19:45:25.031Z","action":"sender_rejected","sender":"Frank Ventura <fjventura20@outlook.com>","allowlist":["fjventura20@gmail.com","fjventura20@outlook.com"],"reason":"sender_not_in_allowlist"}
{"timestamp":"2026-03-06T19:45:25.031Z","action":"sender_rejected","sender":"Frank Ventura <fjventura20@outlook.com>","allowlist":["fjventura20@gmail.com","fjventura20@outlook.com"],"reason":"sender_not_in_allowlist"}
{"timestamp":"2026-03-06T19:45:25.031Z","action":"sender_rejected","sender":"Frank Ventura <fjventura20@outlook.com>","allowlist":["fjventura20@gmail.com","fjventura20@outlook.com"],"reason":"sender_not_in_allowlist"}
{"timestamp":"2026-03-06T19:45:25.032Z","action":"sender_rejected","sender":"TimsMail <timsmail@agentmail.to>","allowlist":["fjventura20@gmail.com","fjventura20@outlook.com"],"reason":"sender_not_in_allowlist"}
{"timestamp":"2026-03-06T19:45:25.032Z","action":"sender_rejected","sender":"TimsMail <timsmail@agentmail.to>","allowlist":["fjventura20@gmail.com","fjventura20@outlook.com"],"reason":"sender_not_in_allowlist"}
{"timestamp":"2026-03-06T19:45:55.038Z","action":"sender_rejected","sender":"Frank Ventura <fjventura20@outlook.com>","allowlist":["fjventura20@gmail.com","fjventura20@outlook.com"],"reason":"sender_not_in_allowlist"}
{"timestamp":"2026-03-06T19:45:55.038Z","action":"sender_rejected","sender":"Frank Ventura <fjventura20@outlook.com>","allowlist":["fjventura20@gmail.com","fjventura20@outlook.com"],"reason":"sender_not_in_allowlist"}
{"timestamp":"2026-03-06T19:45:55.039Z","action":"sender_rejected","sender":"Frank Ventura <fjventura20@outlook.com>","allowlist":["fjventura20@gmail.com","fjventura20@outlook.com"],"reason":"sender_not_in_allowlist"}
{"timestamp":"2026-03-06T19:45:55.039Z","action":"sender_rejected","sender":"Frank Ventura <fjventura20@outlook.com>","allowlist":["fjventura20@gmail.com","fjventura20@outlook.com"],"reason":"sender_not_in_allowlist"}
{"timestamp":"2026-03-06T19:45:55.040Z","action":"sender_rejected","sender":"Frank Ventura <fjventura20@outlook.com>","allowlist":["fjventura20@gmail.com","fjventura20@outlook.com"],"reason":"sender_not_in_allowlist"}
{"timestamp":"2026-03-06T19:45:55.040Z","action":"sender_rejected","sender":"TimsMail <timsmail@agentmail.to>","allowlist":["fjventura20@gmail.com","fjventura20@outlook.com"],"reason":"sender_not_in_allowlist"}
{"timestamp":"2026-03-06T19:45:55.040Z","action":"sender_rejected","sender":"TimsMail <timsmail@agentmail.to>","allowlist":["fjventura20@gmail.com","fjventura20@outlook.com"],"reason":"sender_not_in_allowlist"}
{"timestamp":"2026-03-06T19:45:55.041Z","action":"sender_rejected","sender":"Frank Ventura <fjventura20@outlook.com>","allowlist":["fjventura20@gmail.com","fjventura20@outlook.com"],"reason":"sender_not_in_allowlist"}
{"timestamp":"2026-03-06T19:45:55.042Z","action":"sender_rejected","sender":"Frank Ventura <fjventura20@outlook.com>","allowlist":["fjventura20@gmail.com","fjventura20@outlook.com"],"reason":"sender_not_in_allowlist"}
{"timestamp":"2026-03-06T19:45:55.042Z","action":"sender_rejected","sender":"Frank Ventura <fjventura20@outlook.com>","allowlist":["fjventura20@gmail.com","fjventura20@outlook.com"],"reason":"sender_not_in_allowlist"}
{"timestamp":"2026-03-06T19:45:55.042Z","action":"sender_rejected","sender":"Frank Ventura <fjventura20@outlook.com>","allowlist":["fjventura20@gmail.com","fjventura20@outlook.com"],"reason":"sender_not_in_allowlist"}
{"timestamp":"2026-03-06T19:45:55.043Z","action":"sender_rejected","sender":"Frank Ventura <fjventura20@outlook.com>","allowlist":["fjventura20@gmail.com","fjventura20@outlook.com"],"reason":"sender_not_in_allowlist"}
{"timestamp":"2026-03-06T19:45:55.043Z","action":"sender_rejected","sender":"TimsMail <timsmail@agentmail.to>","allowlist":["fjventura20@gmail.com","fjventura20@outlook.com"],"reason":"sender_not_in_allowlist"}
{"timestamp":"2026-03-06T19:45:55.043Z","action":"sender_rejected","sender":"TimsMail <timsmail@agentmail.to>","allowlist":["fjventura20@gmail.com","fjventura20@outlook.com"],"reason":"sender_not_in_allowlist"}
{"timestamp":"2026-03-06T19:46:25.085Z","action":"sender_rejected","sender":"Frank Ventura <fjventura20@outlook.com>","allowlist":["fjventura20@gmail.com","fjventura20@outlook.com"],"reason":"sender_not_in_allowlist"}
{"timestamp":"2026-03-06T19:46:25.085Z","action":"sender_rejected","sender":"Frank Ventura <fjventura20@outlook.com>","allowlist":["fjventura20@gmail.com","fjventura20@outlook.com"],"reason":"sender_not_in_allowlist"}
{"timestamp":"2026-03-06T19:46:25.087Z","action":"sender_rejected","sender":"Frank Ventura <fjventura20@outlook.com>","allowlist":["fjventura20@gmail.com","fjventura20@outlook.com"],"reason":"sender_not_in_allowlist"}
{"timestamp":"2026-03-06T19:46:25.088Z","action":"sender_rejected","sender":"Frank Ventura <fjventura20@outlook.com>","allowlist":["fjventura20@gmail.com","fjventura20@outlook.com"],"reason":"sender_not_in_allowlist"}
{"timestamp":"2026-03-06T19:46:25.088Z","action":"sender_rejected","sender":"Frank Ventura <fjventura20@outlook.com>","allowlist":["fjventura20@gmail.com","fjventura20@outlook.com"],"reason":"sender_not_in_allowlist"}
{"timestamp":"2026-03-06T19:46:25.088Z","action":"sender_rejected","sender":"TimsMail <timsmail@agentmail.to>","allowlist":["fjventura20@gmail.com","fjventura20@outlook.com"],"reason":"sender_not_in_allowlist"}
{"timestamp":"2026-03-06T19:46:25.088Z","action":"sender_rejected","sender":"TimsMail <timsmail@agentmail.to>","allowlist":["fjventura20@gmail.com","fjventura20@outlook.com"],"reason":"sender_not_in_allowlist"}
{"timestamp":"2026-03-06T19:46:25.089Z","action":"sender_rejected","sender":"Frank Ventura <fjventura20@outlook.com>","allowlist":["fjventura20@gmail.com","fjventura20@outlook.com"],"reason":"sender_not_in_allowlist"}
{"timestamp":"2026-03-06T19:46:25.089Z","action":"sender_rejected","sender":"Frank Ventura <fjventura20@outlook.com>","allowlist":["fjventura20@gmail.com","fjventura20@outlook.com"],"reason":"sender_not_in_allowlist"}
{"timestamp":"2026-03-06T19:46:25.089Z","action":"sender_rejected","sender":"Frank Ventura <fjventura20@outlook.com>","allowlist":["fjventura20@gmail.com","fjventura20@outlook.com"],"reason":"sender_not_in_allowlist"}
{"timestamp":"2026-03-06T19:46:25.090Z","action":"sender_rejected","sender":"Frank Ventura <fjventura20@outlook.com>","allowlist":["fjventura20@gmail.com","fjventura20@outlook.com"],"reason":"sender_not_in_allowlist"}
{"timestamp":"2026-03-06T19:46:25.090Z","action":"sender_rejected","sender":"Frank Ventura <fjventura20@outlook.com>","allowlist":["fjventura20@gmail.com","fjventura20@outlook.com"],"reason":"sender_not_in_allowlist"}
{"timestamp":"2026-03-06T19:46:25.090Z","action":"sender_rejected","sender":"TimsMail <timsmail@agentmail.to>","allowlist":["fjventura20@gmail.com","fjventura20@outlook.com"],"reason":"sender_not_in_allowlist"}
{"timestamp":"2026-03-06T19:46:25.091Z","action":"sender_rejected","sender":"TimsMail <timsmail@agentmail.to>","allowlist":["fjventura20@gmail.com","fjventura20@outlook.com"],"reason":"sender_not_in_allowlist"}
{"timestamp":"2026-03-06T19:46:55.043Z","action":"sender_rejected","sender":"Frank Ventura <fjventura20@outlook.com>","allowlist":["fjventura20@gmail.com","fjventura20@outlook.com"],"reason":"sender_not_in_allowlist"}
{"timestamp":"2026-03-06T19:46:55.044Z","action":"sender_rejected","sender":"Frank Ventura <fjventura20@outlook.com>","allowlist":["fjventura20@gmail.com","fjventura20@outlook.com"],"reason":"sender_not_in_allowlist"}
{"timestamp":"2026-03-06T19:46:55.044Z","action":"sender_rejected","sender":"Frank Ventura <fjventura20@outlook.com>","allowlist":["fjventura20@gmail.com","fjventura20@outlook.com"],"reason":"sender_not_in_allowlist"}
{"timestamp":"2026-03-06T19:46:55.045Z","action":"sender_rejected","sender":"Frank Ventura <fjventura20@outlook.com>","allowlist":["fjventura20@gmail.com","fjventura20@outlook.com"],"reason":"sender_not_in_allowlist"}
{"timestamp":"2026-03-06T19:46:55.045Z","action":"sender_rejected","sender":"Frank Ventura <fjventura20@outlook.com>","allowlist":["fjventura20@gmail.com","fjventura20@outlook.com"],"reason":"sender_not_in_allowlist"}
{"timestamp":"2026-03-06T19:46:55.045Z","action":"sender_rejected","sender":"TimsMail <timsmail@agentmail.to>","allowlist":["fjventura20@gmail.com","fjventura20@outlook.com"],"reason":"sender_not_in_allowlist"}
{"timestamp":"2026-03-06T19:46:55.046Z","action":"sender_rejected","sender":"TimsMail <timsmail@agentmail.to>","allowlist":["fjventura20@gmail.com","fjventura20@outlook.com"],"reason":"sender_not_in_allowlist"}
{"timestamp":"2026-03-06T19:46:55.046Z","action":"sender_rejected","sender":"Frank Ventura <fjventura20@outlook.com>","allowlist":["fjventura20@gmail.com","fjventura20@outlook.com"],"reason":"sender_not_in_allowlist"}
{"timestamp":"2026-03-06T19:46:55.047Z","action":"sender_rejected","sender":"Frank Ventura <fjventura20@outlook.com>","allowlist":["fjventura20@gmail.com","fjventura20@outlook.com"],"reason":"sender_not_in_allowlist"}
{"timestamp":"2026-03-06T19:46:55.047Z","action":"sender_rejected","sender":"Frank Ventura <fjventura20@outlook.com>","allowlist":["fjventura20@gmail.com","fjventura20@outlook.com"],"reason":"sender_not_in_allowlist"}
{"timestamp":"2026-03-06T19:46:55.047Z","action":"sender_rejected","sender":"Frank Ventura <fjventura20@outlook.com>","allowlist":["fjventura20@gmail.com","fjventura20@outlook.com"],"reason":"sender_not_in_allowlist"}
{"timestamp":"2026-03-06T19:46:55.047Z","action":"sender_rejected","sender":"Frank Ventura <fjventura20@outlook.com>","allowlist":["fjventura20@gmail.com","fjventura20@outlook.com"],"reason":"sender_not_in_allowlist"}
{"timestamp":"2026-03-06T19:46:55.048Z","action":"sender_rejected","sender":"TimsMail <timsmail@agentmail.to>","allowlist":["fjventura20@gmail.com","fjventura20@outlook.com"],"reason":"sender_not_in_allowlist"}
{"timestamp":"2026-03-06T19:46:55.048Z","action":"sender_rejected","sender":"TimsMail <timsmail@agentmail.to>","allowlist":["fjventura20@gmail.com","fjventura20@outlook.com"],"reason":"sender_not_in_allowlist"}
{"timestamp":"2026-03-06T19:47:02.427Z","action":"processing","message_id":"<BL0PR06MB440212EB1BF05B5784C148AABD7AA@BL0PR06MB4402.namprd06.prod.outlook.com>","sender":"Frank Ventura <fjventura20@outlook.com>","subject":"TIM:STATUS","command":"STATUS","args":""}
{"timestamp":"2026-03-06T19:47:02.430Z","action":"reply_failed","message_id":"<BL0PR06MB440212EB1BF05B5784C148AABD7AA@BL0PR06MB4402.namprd06.prod.outlook.com>","sender":"Frank Ventura <fjventura20@outlook.com>","subject":"TIM:STATUS","command":"STATUS","error":"Recipient not in allowlist: Frank Ventura <fjventura20@outlook.com>"}
{"timestamp":"2026-03-06T19:47:02.430Z","action":"processing","message_id":"<BL0PR06MB440290B5E0237076CC2E2425BD7AA@BL0PR06MB4402.namprd06.prod.outlook.com>","sender":"Frank Ventura <fjventura20@outlook.com>","subject":"TIM:STATUS","command":"STATUS","args":""}
{"timestamp":"2026-03-06T19:47:02.432Z","action":"reply_failed","message_id":"<BL0PR06MB440290B5E0237076CC2E2425BD7AA@BL0PR06MB4402.namprd06.prod.outlook.com>","sender":"Frank Ventura <fjventura20@outlook.com>","subject":"TIM:STATUS","command":"STATUS","error":"Recipient not in allowlist: Frank Ventura <fjventura20@outlook.com>"}
{"timestamp":"2026-03-06T19:47:02.432Z","action":"sender_rejected","sender":"TimsMail <timsmail@agentmail.to>","sender_email":"timsmail@agentmail.to","allowlist":["fjventura20@gmail.com","fjventura20@outlook.com"],"reason":"sender_not_in_allowlist"}
{"timestamp":"2026-03-06T19:47:02.432Z","action":"sender_rejected","sender":"TimsMail <timsmail@agentmail.to>","sender_email":"timsmail@agentmail.to","allowlist":["fjventura20@gmail.com","fjventura20@outlook.com"],"reason":"sender_not_in_allowlist"}
{"timestamp":"2026-03-06T19:47:02.440Z","action":"sender_rejected","sender":"TimsMail <timsmail@agentmail.to>","sender_email":"timsmail@agentmail.to","allowlist":["fjventura20@gmail.com","fjventura20@outlook.com"],"reason":"sender_not_in_allowlist"}
{"timestamp":"2026-03-06T19:47:02.441Z","action":"sender_rejected","sender":"TimsMail <timsmail@agentmail.to>","sender_email":"timsmail@agentmail.to","allowlist":["fjventura20@gmail.com","fjventura20@outlook.com"],"reason":"sender_not_in_allowlist"}
{"timestamp":"2026-03-06T19:47:32.607Z","action":"sender_rejected","sender":"TimsMail <timsmail@agentmail.to>","sender_email":"timsmail@agentmail.to","allowlist":["fjventura20@gmail.com","fjventura20@outlook.com"],"reason":"sender_not_in_allowlist"}
{"timestamp":"2026-03-06T19:47:32.607Z","action":"sender_rejected","sender":"TimsMail <timsmail@agentmail.to>","sender_email":"timsmail@agentmail.to","allowlist":["fjventura20@gmail.com","fjventura20@outlook.com"],"reason":"sender_not_in_allowlist"}
{"timestamp":"2026-03-06T19:47:32.608Z","action":"sender_rejected","sender":"TimsMail <timsmail@agentmail.to>","sender_email":"timsmail@agentmail.to","allowlist":["fjventura20@gmail.com","fjventura20@outlook.com"],"reason":"sender_not_in_allowlist"}
{"timestamp":"2026-03-06T19:47:32.609Z","action":"sender_rejected","sender":"TimsMail <timsmail@agentmail.to>","sender_email":"timsmail@agentmail.to","allowlist":["fjventura20@gmail.com","fjventura20@outlook.com"],"reason":"sender_not_in_allowlist"}
{"timestamp":"2026-03-06T19:48:02.609Z","action":"sender_rejected","sender":"TimsMail <timsmail@agentmail.to>","sender_email":"timsmail@agentmail.to","allowlist":["fjventura20@gmail.com","fjventura20@outlook.com"],"reason":"sender_not_in_allowlist"}
{"timestamp":"2026-03-06T19:48:02.610Z","action":"sender_rejected","sender":"TimsMail <timsmail@agentmail.to>","sender_email":"timsmail@agentmail.to","allowlist":["fjventura20@gmail.com","fjventura20@outlook.com"],"reason":"sender_not_in_allowlist"}
{"timestamp":"2026-03-06T19:48:02.612Z","action":"sender_rejected","sender":"TimsMail <timsmail@agentmail.to>","sender_email":"timsmail@agentmail.to","allowlist":["fjventura20@gmail.com","fjventura20@outlook.com"],"reason":"sender_not_in_allowlist"}
{"timestamp":"2026-03-06T19:48:02.612Z","action":"sender_rejected","sender":"TimsMail <timsmail@agentmail.to>","sender_email":"timsmail@agentmail.to","allowlist":["fjventura20@gmail.com","fjventura20@outlook.com"],"reason":"sender_not_in_allowlist"}
{"timestamp":"2026-03-06T19:48:32.603Z","action":"sender_rejected","sender":"TimsMail <timsmail@agentmail.to>","sender_email":"timsmail@agentmail.to","allowlist":["fjventura20@gmail.com","fjventura20@outlook.com"],"reason":"sender_not_in_allowlist"}
{"timestamp":"2026-03-06T19:48:32.603Z","action":"sender_rejected","sender":"TimsMail <timsmail@agentmail.to>","sender_email":"timsmail@agentmail.to","allowlist":["fjventura20@gmail.com","fjventura20@outlook.com"],"reason":"sender_not_in_allowlist"}
{"timestamp":"2026-03-06T19:48:32.605Z","action":"sender_rejected","sender":"TimsMail <timsmail@agentmail.to>","sender_email":"timsmail@agentmail.to","allowlist":["fjventura20@gmail.com","fjventura20@outlook.com"],"reason":"sender_not_in_allowlist"}
{"timestamp":"2026-03-06T19:48:32.605Z","action":"sender_rejected","sender":"TimsMail <timsmail@agentmail.to>","sender_email":"timsmail@agentmail.to","allowlist":["fjventura20@gmail.com","fjventura20@outlook.com"],"reason":"sender_not_in_allowlist"}
{"timestamp":"2026-03-06T19:49:02.689Z","action":"sender_rejected","sender":"TimsMail <timsmail@agentmail.to>","sender_email":"timsmail@agentmail.to","allowlist":["fjventura20@gmail.com","fjventura20@outlook.com"],"reason":"sender_not_in_allowlist"}
{"timestamp":"2026-03-06T19:49:02.690Z","action":"sender_rejected","sender":"TimsMail <timsmail@agentmail.to>","sender_email":"timsmail@agentmail.to","allowlist":["fjventura20@gmail.com","fjventura20@outlook.com"],"reason":"sender_not_in_allowlist"}
{"timestamp":"2026-03-06T19:49:02.691Z","action":"sender_rejected","sender":"TimsMail <timsmail@agentmail.to>","sender_email":"timsmail@agentmail.to","allowlist":["fjventura20@gmail.com","fjventura20@outlook.com"],"reason":"sender_not_in_allowlist"}
{"timestamp":"2026-03-06T19:49:02.691Z","action":"sender_rejected","sender":"TimsMail <timsmail@agentmail.to>","sender_email":"timsmail@agentmail.to","allowlist":["fjventura20@gmail.com","fjventura20@outlook.com"],"reason":"sender_not_in_allowlist"}
{"timestamp":"2026-03-06T19:49:32.625Z","action":"sender_rejected","sender":"TimsMail <timsmail@agentmail.to>","sender_email":"timsmail@agentmail.to","allowlist":["fjventura20@gmail.com","fjventura20@outlook.com"],"reason":"sender_not_in_allowlist"}
{"timestamp":"2026-03-06T19:49:32.625Z","action":"sender_rejected","sender":"TimsMail <timsmail@agentmail.to>","sender_email":"timsmail@agentmail.to","allowlist":["fjventura20@gmail.com","fjventura20@outlook.com"],"reason":"sender_not_in_allowlist"}
{"timestamp":"2026-03-06T19:49:32.626Z","action":"sender_rejected","sender":"TimsMail <timsmail@agentmail.to>","sender_email":"timsmail@agentmail.to","allowlist":["fjventura20@gmail.com","fjventura20@outlook.com"],"reason":"sender_not_in_allowlist"}
{"timestamp":"2026-03-06T19:49:32.626Z","action":"sender_rejected","sender":"TimsMail <timsmail@agentmail.to>","sender_email":"timsmail@agentmail.to","allowlist":["fjventura20@gmail.com","fjventura20@outlook.com"],"reason":"sender_not_in_allowlist"}
{"timestamp":"2026-03-06T20:01:42.393Z","action":"processing","message_id":"<BL0PR06MB4402ECFC4610C89534F6DFEABD7AA@BL0PR06MB4402.namprd06.prod.outlook.com>","sender":"Frank Ventura <fjventura20@outlook.com>","subject":"TIM:STATUS","command":"STATUS","args":""}
{"timestamp":"2026-03-06T20:01:42.396Z","action":"reply_failed","message_id":"<BL0PR06MB4402ECFC4610C89534F6DFEABD7AA@BL0PR06MB4402.namprd06.prod.outlook.com>","sender":"Frank Ventura <fjventura20@outlook.com>","subject":"TIM:STATUS","command":"STATUS","error":"Recipient not in allowlist: Frank Ventura <fjventura20@outlook.com>"}
{"timestamp":"2026-03-06T20:05:52.924Z","action":"processing","message_id":"<BL0PR06MB44022D5314C361070FDADABABD7AA@BL0PR06MB4402.namprd06.prod.outlook.com>","sender":"Frank Ventura <fjventura20@outlook.com>","subject":"TIM:STATUS","command":"STATUS","args":""}
{"timestamp":"2026-03-06T20:05:53.301Z","action":"reply_sent","message_id":"<BL0PR06MB44022D5314C361070FDADABABD7AA@BL0PR06MB4402.namprd06.prod.outlook.com>","sender":"Frank Ventura <fjventura20@outlook.com>","subject":"TIM:STATUS","command":"STATUS","result_status":"SUCCESS"}
{"timestamp":"2026-03-06T20:59:17.636Z","action":"processing","message_id":"<BL0PR06MB44022D5314C361070FDADABABD7AA@BL0PR06MB4402.namprd06.prod.outlook.com>","sender":"Frank Ventura <fjventura20@outlook.com>","subject":"TIM:STATUS","command":"STATUS","args":""}
{"timestamp":"2026-03-06T20:59:18.033Z","action":"reply_sent","message_id":"<BL0PR06MB44022D5314C361070FDADABABD7AA@BL0PR06MB4402.namprd06.prod.outlook.com>","sender":"Frank Ventura <fjventura20@outlook.com>","subject":"TIM:STATUS","command":"STATUS","result_status":"SUCCESS"}
{"timestamp":"2026-03-06T20:59:18.034Z","action":"processing","message_id":"<BL0PR06MB4402ECFC4610C89534F6DFEABD7AA@BL0PR06MB4402.namprd06.prod.outlook.com>","sender":"Frank Ventura <fjventura20@outlook.com>","subject":"TIM:STATUS","command":"STATUS","args":""}
{"timestamp":"2026-03-06T20:59:18.464Z","action":"reply_sent","message_id":"<BL0PR06MB4402ECFC4610C89534F6DFEABD7AA@BL0PR06MB4402.namprd06.prod.outlook.com>","sender":"Frank Ventura <fjventura20@outlook.com>","subject":"TIM:STATUS","command":"STATUS","result_status":"SUCCESS"}
{"timestamp":"2026-03-06T20:59:18.464Z","action":"processing","message_id":"<BL0PR06MB440212EB1BF05B5784C148AABD7AA@BL0PR06MB4402.namprd06.prod.outlook.com>","sender":"Frank Ventura <fjventura20@outlook.com>","subject":"TIM:STATUS","command":"STATUS","args":""}
{"timestamp":"2026-03-06T20:59:18.859Z","action":"reply_sent","message_id":"<BL0PR06MB440212EB1BF05B5784C148AABD7AA@BL0PR06MB4402.namprd06.prod.outlook.com>","sender":"Frank Ventura <fjventura20@outlook.com>","subject":"TIM:STATUS","command":"STATUS","result_status":"SUCCESS"}
{"timestamp":"2026-03-06T20:59:18.860Z","action":"processing","message_id":"<BL0PR06MB440290B5E0237076CC2E2425BD7AA@BL0PR06MB4402.namprd06.prod.outlook.com>","sender":"Frank Ventura <fjventura20@outlook.com>","subject":"TIM:STATUS","command":"STATUS","args":""}
{"timestamp":"2026-03-06T20:59:19.254Z","action":"reply_sent","message_id":"<BL0PR06MB440290B5E0237076CC2E2425BD7AA@BL0PR06MB4402.namprd06.prod.outlook.com>","sender":"Frank Ventura <fjventura20@outlook.com>","subject":"TIM:STATUS","command":"STATUS","result_status":"SUCCESS"}
{"timestamp":"2026-03-06T21:02:20.222Z","action":"freeform_processing","message_id":"<0100019cc4f29855-e8b7e1d8-6de2-43d4-b653-ff3f8565c054-000000@email.amazonses.com>","sender":"TimsMail <timsmail@agentmail.to>","subject":"RE: TIM:STATUS","body_preview":""}
{"timestamp":"2026-03-06T21:02:20.223Z","action":"freeform_attempt","agent":"tim","message_preview":"RE: TIM:STATUS"}
{"timestamp":"2026-03-06T21:02:20.231Z","action":"freeform_spawn_error","agent":"tim","error":"spawn openclaw ENOENT"}
{"timestamp":"2026-03-06T21:02:20.232Z","action":"freeform_completed","message_id":"<0100019cc4f29855-e8b7e1d8-6de2-43d4-b653-ff3f8565c054-000000@email.amazonses.com>","sender":"TimsMail <timsmail@agentmail.to>","result_status":"error"}
{"timestamp":"2026-03-06T21:02:20.232Z","action":"freeform_processing","message_id":"<0100019cc4f296c3-bd6ca6a5-3dea-4082-9cd7-b10abd51991b-000000@email.amazonses.com>","sender":"TimsMail <timsmail@agentmail.to>","subject":"RE: TIM:STATUS","body_preview":""}
{"timestamp":"2026-03-06T21:02:20.232Z","action":"freeform_attempt","agent":"tim","message_preview":"RE: TIM:STATUS"}
{"timestamp":"2026-03-06T21:02:20.238Z","action":"freeform_spawn_error","agent":"tim","error":"spawn openclaw ENOENT"}
{"timestamp":"2026-03-06T21:02:20.239Z","action":"freeform_completed","message_id":"<0100019cc4f296c3-bd6ca6a5-3dea-4082-9cd7-b10abd51991b-000000@email.amazonses.com>","sender":"TimsMail <timsmail@agentmail.to>","result_status":"error"}
{"timestamp":"2026-03-06T21:02:20.240Z","action":"freeform_processing","message_id":"<0100019cc4f29546-2721e402-7cc0-4b94-97ef-1b3b747faa28-000000@email.amazonses.com>","sender":"TimsMail <timsmail@agentmail.to>","subject":"RE: TIM:STATUS","body_preview":""}
{"timestamp":"2026-03-06T21:02:20.240Z","action":"freeform_attempt","agent":"tim","message_preview":"RE: TIM:STATUS"}
{"timestamp":"2026-03-06T21:02:20.245Z","action":"freeform_spawn_error","agent":"tim","error":"spawn openclaw ENOENT"}
{"timestamp":"2026-03-06T21:02:20.246Z","action":"freeform_completed","message_id":"<0100019cc4f29546-2721e402-7cc0-4b94-97ef-1b3b747faa28-000000@email.amazonses.com>","sender":"TimsMail <timsmail@agentmail.to>","result_status":"error"}
{"timestamp":"2026-03-06T21:02:20.246Z","action":"freeform_processing","message_id":"<0100019cc4f2937e-70e12877-23d9-4c36-85b2-2dbfcd8a60f9-000000@email.amazonses.com>","sender":"TimsMail <timsmail@agentmail.to>","subject":"RE: TIM:STATUS","body_preview":""}
{"timestamp":"2026-03-06T21:02:20.247Z","action":"freeform_attempt","agent":"tim","message_preview":"RE: TIM:STATUS"}
{"timestamp":"2026-03-06T21:02:20.253Z","action":"freeform_spawn_error","agent":"tim","error":"spawn openclaw ENOENT"}
{"timestamp":"2026-03-06T21:02:20.253Z","action":"freeform_completed","message_id":"<0100019cc4f2937e-70e12877-23d9-4c36-85b2-2dbfcd8a60f9-000000@email.amazonses.com>","sender":"TimsMail <timsmail@agentmail.to>","result_status":"error"}
{"timestamp":"2026-03-06T21:02:20.254Z","action":"freeform_processing","message_id":"<BL0PR06MB4402E07B67293B21EABDE201BD7AA@BL0PR06MB4402.namprd06.prod.outlook.com>","sender":"Frank Ventura <fjventura20@outlook.com>","subject":"Task","body_preview":""}
{"timestamp":"2026-03-06T21:02:20.255Z","action":"freeform_attempt","agent":"tim","message_preview":"Task"}
{"timestamp":"2026-03-06T21:02:20.260Z","action":"freeform_spawn_error","agent":"tim","error":"spawn openclaw ENOENT"}
{"timestamp":"2026-03-06T21:02:20.260Z","action":"freeform_completed","message_id":"<BL0PR06MB4402E07B67293B21EABDE201BD7AA@BL0PR06MB4402.namprd06.prod.outlook.com>","sender":"Frank Ventura <fjventura20@outlook.com>","result_status":"error"}
{"timestamp":"2026-03-06T21:02:20.261Z","action":"freeform_processing","message_id":"<BL0PR06MB44024E5356CB485E71ADFFD0BD7AA@BL0PR06MB4402.namprd06.prod.outlook.com>","sender":"Frank Ventura <fjventura20@outlook.com>","subject":"Task","body_preview":""}
{"timestamp":"2026-03-06T21:02:20.261Z","action":"freeform_attempt","agent":"tim","message_preview":"Task"}
{"timestamp":"2026-03-06T21:02:20.266Z","action":"freeform_spawn_error","agent":"tim","error":"spawn openclaw ENOENT"}
{"timestamp":"2026-03-06T21:02:20.267Z","action":"freeform_completed","message_id":"<BL0PR06MB44024E5356CB485E71ADFFD0BD7AA@BL0PR06MB4402.namprd06.prod.outlook.com>","sender":"Frank Ventura <fjventura20@outlook.com>","result_status":"error"}
{"timestamp":"2026-03-06T21:02:20.267Z","action":"freeform_processing","message_id":"<BL0PR06MB44026EBED61BC7F37707A570BD7AA@BL0PR06MB4402.namprd06.prod.outlook.com>","sender":"Frank Ventura <fjventura20@outlook.com>","subject":"Test","body_preview":""}
{"timestamp":"2026-03-06T21:02:20.267Z","action":"freeform_attempt","agent":"tim","message_preview":"Test"}
{"timestamp":"2026-03-06T21:02:20.273Z","action":"freeform_spawn_error","agent":"tim","error":"spawn openclaw ENOENT"}
{"timestamp":"2026-03-06T21:02:20.273Z","action":"freeform_completed","message_id":"<BL0PR06MB44026EBED61BC7F37707A570BD7AA@BL0PR06MB4402.namprd06.prod.outlook.com>","sender":"Frank Ventura <fjventura20@outlook.com>","result_status":"error"}
{"timestamp":"2026-03-06T21:02:20.274Z","action":"freeform_processing","message_id":"<0100019cc4c1ad2d-e72eca3d-42bd-4b7f-84bc-3e3bc6602873-000000@email.amazonses.com>","sender":"TimsMail <timsmail@agentmail.to>","subject":"RE: TIM:STATUS","body_preview":""}
{"timestamp":"2026-03-06T21:02:20.274Z","action":"freeform_attempt","agent":"tim","message_preview":"RE: TIM:STATUS"}
{"timestamp":"2026-03-06T21:02:20.279Z","action":"freeform_spawn_error","agent":"tim","error":"spawn openclaw ENOENT"}
{"timestamp":"2026-03-06T21:02:20.280Z","action":"freeform_completed","message_id":"<0100019cc4c1ad2d-e72eca3d-42bd-4b7f-84bc-3e3bc6602873-000000@email.amazonses.com>","sender":"TimsMail <timsmail@agentmail.to>","result_status":"error"}
{"timestamp":"2026-03-06T21:02:20.280Z","action":"freeform_processing","message_id":"<BL0PR06MB440279461123E00111DE2CF2BD7AA@BL0PR06MB4402.namprd06.prod.outlook.com>","sender":"Frank Ventura <fjventura20@outlook.com>","subject":"Health","body_preview":""}
{"timestamp":"2026-03-06T21:02:20.281Z","action":"freeform_attempt","agent":"tim","message_preview":"Health"}
{"timestamp":"2026-03-06T21:02:20.287Z","action":"freeform_spawn_error","agent":"tim","error":"spawn openclaw ENOENT"}
{"timestamp":"2026-03-06T21:02:20.288Z","action":"freeform_completed","message_id":"<BL0PR06MB440279461123E00111DE2CF2BD7AA@BL0PR06MB4402.namprd06.prod.outlook.com>","sender":"Frank Ventura <fjventura20@outlook.com>","result_status":"error"}
{"timestamp":"2026-03-06T21:02:20.288Z","action":"freeform_processing","message_id":"<BL0PR06MB4402ADA68AFA7414BA639AD2BD7AA@BL0PR06MB4402.namprd06.prod.outlook.com>","sender":"Frank Ventura <fjventura20@outlook.com>","subject":"Run health check","body_preview":""}
{"timestamp":"2026-03-06T21:02:20.288Z","action":"freeform_attempt","agent":"tim","message_preview":"Run health check"}
{"timestamp":"2026-03-06T21:02:20.293Z","action":"freeform_spawn_error","agent":"tim","error":"spawn openclaw ENOENT"}
{"timestamp":"2026-03-06T21:02:20.293Z","action":"freeform_completed","message_id":"<BL0PR06MB4402ADA68AFA7414BA639AD2BD7AA@BL0PR06MB4402.namprd06.prod.outlook.com>","sender":"Frank Ventura <fjventura20@outlook.com>","result_status":"error"}
{"timestamp":"2026-03-06T21:02:20.294Z","action":"freeform_processing","message_id":"<BL0PR06MB44026A7813DFE8C9DED22711BD7AA@BL0PR06MB4402.namprd06.prod.outlook.com>","sender":"Frank Ventura <fjventura20@outlook.com>","subject":"Re: 🎯 Tim Agent Test Email","body_preview":""}
{"timestamp":"2026-03-06T21:02:20.294Z","action":"freeform_attempt","agent":"tim","message_preview":"Re: 🎯 Tim Agent Test Email"}
{"timestamp":"2026-03-06T21:02:20.298Z","action":"freeform_spawn_error","agent":"tim","error":"spawn openclaw ENOENT"}
{"timestamp":"2026-03-06T21:02:20.298Z","action":"freeform_completed","message_id":"<BL0PR06MB44026A7813DFE8C9DED22711BD7AA@BL0PR06MB4402.namprd06.prod.outlook.com>","sender":"Frank Ventura <fjventura20@outlook.com>","result_status":"error"}
{"timestamp":"2026-03-06T21:02:20.299Z","action":"freeform_processing","message_id":"<0100019cc2b4788d-ed5cee50-317a-41d5-934e-cead59a118a1-000000@email.amazonses.com>","sender":"TimsMail <timsmail@agentmail.to>","subject":"🎯 Tim Agent Test Email","body_preview":""}
{"timestamp":"2026-03-06T21:02:20.299Z","action":"freeform_attempt","agent":"tim","message_preview":"🎯 Tim Agent Test Email"}
{"timestamp":"2026-03-06T21:02:20.305Z","action":"freeform_spawn_error","agent":"tim","error":"spawn openclaw ENOENT"}
{"timestamp":"2026-03-06T21:02:20.305Z","action":"freeform_completed","message_id":"<0100019cc2b4788d-ed5cee50-317a-41d5-934e-cead59a118a1-000000@email.amazonses.com>","sender":"TimsMail <timsmail@agentmail.to>","result_status":"error"}
{"timestamp":"2026-03-06T21:02:20.306Z","action":"freeform_processing","message_id":"<0100019cbec810e2-39183dae-4a94-4794-bbce-7fad7e831ee3-000000@email.amazonses.com>","sender":"TimsMail <timsmail@agentmail.to>","subject":"Test message1","body_preview":""}
{"timestamp":"2026-03-06T21:02:20.306Z","action":"freeform_attempt","agent":"tim","message_preview":"Test message1"}
{"timestamp":"2026-03-06T21:02:20.311Z","action":"freeform_spawn_error","agent":"tim","error":"spawn openclaw ENOENT"}
{"timestamp":"2026-03-06T21:02:20.312Z","action":"freeform_completed","message_id":"<0100019cbec810e2-39183dae-4a94-4794-bbce-7fad7e831ee3-000000@email.amazonses.com>","sender":"TimsMail <timsmail@agentmail.to>","result_status":"error"}
{"timestamp":"2026-03-06T21:02:20.324Z","action":"freeform_error","agent":"tim","message_preview":"Test message1","exit_code":-4058,"stderr":""}
{"timestamp":"2026-03-06T21:02:20.326Z","action":"freeform_error","agent":"tim","message_preview":"🎯 Tim Agent Test Email","exit_code":-4058,"stderr":""}
{"timestamp":"2026-03-06T21:02:20.328Z","action":"freeform_error","agent":"tim","message_preview":"Re: 🎯 Tim Agent Test Email","exit_code":-4058,"stderr":""}
{"timestamp":"2026-03-06T21:02:20.328Z","action":"freeform_error","agent":"tim","message_preview":"Run health check","exit_code":-4058,"stderr":""}
{"timestamp":"2026-03-06T21:02:20.329Z","action":"freeform_error","agent":"tim","message_preview":"Health","exit_code":-4058,"stderr":""}
{"timestamp":"2026-03-06T21:02:20.329Z","action":"freeform_error","agent":"tim","message_preview":"RE: TIM:STATUS","exit_code":-4058,"stderr":""}
{"timestamp":"2026-03-06T21:02:20.329Z","action":"freeform_error","agent":"tim","message_preview":"Test","exit_code":-4058,"stderr":""}
{"timestamp":"2026-03-06T21:02:20.330Z","action":"freeform_error","agent":"tim","message_preview":"Task","exit_code":-4058,"stderr":""}
{"timestamp":"2026-03-06T21:02:20.330Z","action":"freeform_error","agent":"tim","message_preview":"Task","exit_code":-4058,"stderr":""}
{"timestamp":"2026-03-06T21:02:20.330Z","action":"freeform_error","agent":"tim","message_preview":"RE: TIM:STATUS","exit_code":-4058,"stderr":""}
{"timestamp":"2026-03-06T21:02:20.331Z","action":"freeform_error","agent":"tim","message_preview":"RE: TIM:STATUS","exit_code":-4058,"stderr":""}
{"timestamp":"2026-03-06T21:02:20.331Z","action":"freeform_error","agent":"tim","message_preview":"RE: TIM:STATUS","exit_code":-4058,"stderr":""}
{"timestamp":"2026-03-06T21:02:20.331Z","action":"freeform_error","agent":"tim","message_preview":"RE: TIM:STATUS","exit_code":-4058,"stderr":""}
{"timestamp":"2026-03-06T21:08:07.263Z","action":"freeform_processing","message_id":"<0100019cc4f29855-e8b7e1d8-6de2-43d4-b653-ff3f8565c054-000000@email.amazonses.com>","sender":"TimsMail <timsmail@agentmail.to>","subject":"RE: TIM:STATUS","body_preview":""}
{"timestamp":"2026-03-06T21:08:07.263Z","action":"freeform_attempt","agent":"tim","message_preview":"RE: TIM:STATUS"}
{"timestamp":"2026-03-06T21:08:07.270Z","action":"freeform_spawn_error","agent":"tim","error":"spawn openclaw ENOENT"}
{"timestamp":"2026-03-06T21:08:07.271Z","action":"freeform_completed","message_id":"<0100019cc4f29855-e8b7e1d8-6de2-43d4-b653-ff3f8565c054-000000@email.amazonses.com>","sender":"TimsMail <timsmail@agentmail.to>","result_status":"error"}
{"timestamp":"2026-03-06T21:08:07.271Z","action":"freeform_processing","message_id":"<0100019cc4f296c3-bd6ca6a5-3dea-4082-9cd7-b10abd51991b-000000@email.amazonses.com>","sender":"TimsMail <timsmail@agentmail.to>","subject":"RE: TIM:STATUS","body_preview":""}
{"timestamp":"2026-03-06T21:08:07.272Z","action":"freeform_attempt","agent":"tim","message_preview":"RE: TIM:STATUS"}
{"timestamp":"2026-03-06T21:08:07.276Z","action":"freeform_spawn_error","agent":"tim","error":"spawn openclaw ENOENT"}
{"timestamp":"2026-03-06T21:08:07.277Z","action":"freeform_completed","message_id":"<0100019cc4f296c3-bd6ca6a5-3dea-4082-9cd7-b10abd51991b-000000@email.amazonses.com>","sender":"TimsMail <timsmail@agentmail.to>","result_status":"error"}
{"timestamp":"2026-03-06T21:08:07.277Z","action":"freeform_processing","message_id":"<0100019cc4f29546-2721e402-7cc0-4b94-97ef-1b3b747faa28-000000@email.amazonses.com>","sender":"TimsMail <timsmail@agentmail.to>","subject":"RE: TIM:STATUS","body_preview":""}
{"timestamp":"2026-03-06T21:08:07.277Z","action":"freeform_attempt","agent":"tim","message_preview":"RE: TIM:STATUS"}
{"timestamp":"2026-03-06T21:08:07.282Z","action":"freeform_spawn_error","agent":"tim","error":"spawn openclaw ENOENT"}
{"timestamp":"2026-03-06T21:08:07.282Z","action":"freeform_completed","message_id":"<0100019cc4f29546-2721e402-7cc0-4b94-97ef-1b3b747faa28-000000@email.amazonses.com>","sender":"TimsMail <timsmail@agentmail.to>","result_status":"error"}
{"timestamp":"2026-03-06T21:08:07.283Z","action":"freeform_processing","message_id":"<0100019cc4f2937e-70e12877-23d9-4c36-85b2-2dbfcd8a60f9-000000@email.amazonses.com>","sender":"TimsMail <timsmail@agentmail.to>","subject":"RE: TIM:STATUS","body_preview":""}
{"timestamp":"2026-03-06T21:08:07.283Z","action":"freeform_attempt","agent":"tim","message_preview":"RE: TIM:STATUS"}
{"timestamp":"2026-03-06T21:08:07.288Z","action":"freeform_spawn_error","agent":"tim","error":"spawn openclaw ENOENT"}
{"timestamp":"2026-03-06T21:08:07.288Z","action":"freeform_completed","message_id":"<0100019cc4f2937e-70e12877-23d9-4c36-85b2-2dbfcd8a60f9-000000@email.amazonses.com>","sender":"TimsMail <timsmail@agentmail.to>","result_status":"error"}
{"timestamp":"2026-03-06T21:08:07.289Z","action":"freeform_processing","message_id":"<BL0PR06MB4402E07B67293B21EABDE201BD7AA@BL0PR06MB4402.namprd06.prod.outlook.com>","sender":"Frank Ventura <fjventura20@outlook.com>","subject":"Task","body_preview":""}
{"timestamp":"2026-03-06T21:08:07.289Z","action":"freeform_attempt","agent":"tim","message_preview":"Task"}
{"timestamp":"2026-03-06T21:08:07.294Z","action":"freeform_spawn_error","agent":"tim","error":"spawn openclaw ENOENT"}
{"timestamp":"2026-03-06T21:08:07.294Z","action":"freeform_completed","message_id":"<BL0PR06MB4402E07B67293B21EABDE201BD7AA@BL0PR06MB4402.namprd06.prod.outlook.com>","sender":"Frank Ventura <fjventura20@outlook.com>","result_status":"error"}
{"timestamp":"2026-03-06T21:08:07.295Z","action":"freeform_processing","message_id":"<BL0PR06MB44024E5356CB485E71ADFFD0BD7AA@BL0PR06MB4402.namprd06.prod.outlook.com>","sender":"Frank Ventura <fjventura20@outlook.com>","subject":"Task","body_preview":""}
{"timestamp":"2026-03-06T21:08:07.295Z","action":"freeform_attempt","agent":"tim","message_preview":"Task"}
{"timestamp":"2026-03-06T21:08:07.300Z","action":"freeform_spawn_error","agent":"tim","error":"spawn openclaw ENOENT"}
{"timestamp":"2026-03-06T21:08:07.300Z","action":"freeform_completed","message_id":"<BL0PR06MB44024E5356CB485E71ADFFD0BD7AA@BL0PR06MB4402.namprd06.prod.outlook.com>","sender":"Frank Ventura <fjventura20@outlook.com>","result_status":"error"}
{"timestamp":"2026-03-06T21:08:07.300Z","action":"freeform_processing","message_id":"<BL0PR06MB44026EBED61BC7F37707A570BD7AA@BL0PR06MB4402.namprd06.prod.outlook.com>","sender":"Frank Ventura <fjventura20@outlook.com>","subject":"Test","body_preview":""}
{"timestamp":"2026-03-06T21:08:07.301Z","action":"freeform_attempt","agent":"tim","message_preview":"Test"}
{"timestamp":"2026-03-06T21:08:07.305Z","action":"freeform_spawn_error","agent":"tim","error":"spawn openclaw ENOENT"}
{"timestamp":"2026-03-06T21:08:07.305Z","action":"freeform_completed","message_id":"<BL0PR06MB44026EBED61BC7F37707A570BD7AA@BL0PR06MB4402.namprd06.prod.outlook.com>","sender":"Frank Ventura <fjventura20@outlook.com>","result_status":"error"}
{"timestamp":"2026-03-06T21:08:07.305Z","action":"freeform_processing","message_id":"<0100019cc4c1ad2d-e72eca3d-42bd-4b7f-84bc-3e3bc6602873-000000@email.amazonses.com>","sender":"TimsMail <timsmail@agentmail.to>","subject":"RE: TIM:STATUS","body_preview":""}
{"timestamp":"2026-03-06T21:08:07.306Z","action":"freeform_attempt","agent":"tim","message_preview":"RE: TIM:STATUS"}
{"timestamp":"2026-03-06T21:08:07.310Z","action":"freeform_spawn_error","agent":"tim","error":"spawn openclaw ENOENT"}
{"timestamp":"2026-03-06T21:08:07.311Z","action":"freeform_completed","message_id":"<0100019cc4c1ad2d-e72eca3d-42bd-4b7f-84bc-3e3bc6602873-000000@email.amazonses.com>","sender":"TimsMail <timsmail@agentmail.to>","result_status":"error"}
{"timestamp":"2026-03-06T21:08:07.311Z","action":"processing","message_id":"<BL0PR06MB44022D5314C361070FDADABABD7AA@BL0PR06MB4402.namprd06.prod.outlook.com>","sender":"Frank Ventura <fjventura20@outlook.com>","subject":"TIM:STATUS","command":"STATUS","args":""}
{"timestamp":"2026-03-06T21:08:07.317Z","action":"freeform_error","agent":"tim","message_preview":"RE: TIM:STATUS","exit_code":-4058,"stderr":""}
{"timestamp":"2026-03-06T21:08:07.318Z","action":"freeform_error","agent":"tim","message_preview":"Test","exit_code":-4058,"stderr":""}
{"timestamp":"2026-03-06T21:08:07.318Z","action":"freeform_error","agent":"tim","message_preview":"Task","exit_code":-4058,"stderr":""}
{"timestamp":"2026-03-06T21:08:07.318Z","action":"freeform_error","agent":"tim","message_preview":"Task","exit_code":-4058,"stderr":""}
{"timestamp":"2026-03-06T21:08:07.319Z","action":"freeform_error","agent":"tim","message_preview":"RE: TIM:STATUS","exit_code":-4058,"stderr":""}
{"timestamp":"2026-03-06T21:08:07.319Z","action":"freeform_error","agent":"tim","message_preview":"RE: TIM:STATUS","exit_code":-4058,"stderr":""}
{"timestamp":"2026-03-06T21:08:07.319Z","action":"freeform_error","agent":"tim","message_preview":"RE: TIM:STATUS","exit_code":-4058,"stderr":""}
{"timestamp":"2026-03-06T21:08:07.320Z","action":"freeform_error","agent":"tim","message_preview":"RE: TIM:STATUS","exit_code":-4058,"stderr":""}
{"timestamp":"2026-03-06T21:08:07.691Z","action":"reply_sent","message_id":"<BL0PR06MB44022D5314C361070FDADABABD7AA@BL0PR06MB4402.namprd06.prod.outlook.com>","sender":"Frank Ventura <fjventura20@outlook.com>","subject":"TIM:STATUS","command":"STATUS","result_status":"SUCCESS"}
{"timestamp":"2026-03-06T21:08:07.692Z","action":"processing","message_id":"<BL0PR06MB4402ECFC4610C89534F6DFEABD7AA@BL0PR06MB4402.namprd06.prod.outlook.com>","sender":"Frank Ventura <fjventura20@outlook.com>","subject":"TIM:STATUS","command":"STATUS","args":""}
{"timestamp":"2026-03-06T21:08:08.108Z","action":"reply_sent","message_id":"<BL0PR06MB4402ECFC4610C89534F6DFEABD7AA@BL0PR06MB4402.namprd06.prod.outlook.com>","sender":"Frank Ventura <fjventura20@outlook.com>","subject":"TIM:STATUS","command":"STATUS","result_status":"SUCCESS"}
{"timestamp":"2026-03-06T21:08:08.108Z","action":"processing","message_id":"<BL0PR06MB440212EB1BF05B5784C148AABD7AA@BL0PR06MB4402.namprd06.prod.outlook.com>","sender":"Frank Ventura <fjventura20@outlook.com>","subject":"TIM:STATUS","command":"STATUS","args":""}
{"timestamp":"2026-03-06T21:08:08.469Z","action":"reply_sent","message_id":"<BL0PR06MB440212EB1BF05B5784C148AABD7AA@BL0PR06MB4402.namprd06.prod.outlook.com>","sender":"Frank Ventura <fjventura20@outlook.com>","subject":"TIM:STATUS","command":"STATUS","result_status":"SUCCESS"}
{"timestamp":"2026-03-06T21:08:08.470Z","action":"processing","message_id":"<BL0PR06MB440290B5E0237076CC2E2425BD7AA@BL0PR06MB4402.namprd06.prod.outlook.com>","sender":"Frank Ventura <fjventura20@outlook.com>","subject":"TIM:STATUS","command":"STATUS","args":""}
{"timestamp":"2026-03-06T21:08:08.807Z","action":"reply_sent","message_id":"<BL0PR06MB440290B5E0237076CC2E2425BD7AA@BL0PR06MB4402.namprd06.prod.outlook.com>","sender":"Frank Ventura <fjventura20@outlook.com>","subject":"TIM:STATUS","command":"STATUS","result_status":"SUCCESS"}
{"timestamp":"2026-03-06T21:08:08.808Z","action":"freeform_processing","message_id":"<BL0PR06MB440279461123E00111DE2CF2BD7AA@BL0PR06MB4402.namprd06.prod.outlook.com>","sender":"Frank Ventura <fjventura20@outlook.com>","subject":"Health","body_preview":""}
{"timestamp":"2026-03-06T21:08:08.808Z","action":"freeform_attempt","agent":"tim","message_preview":"Health"}
{"timestamp":"2026-03-06T21:08:08.815Z","action":"freeform_spawn_error","agent":"tim","error":"spawn openclaw ENOENT"}
{"timestamp":"2026-03-06T21:08:08.815Z","action":"freeform_completed","message_id":"<BL0PR06MB440279461123E00111DE2CF2BD7AA@BL0PR06MB4402.namprd06.prod.outlook.com>","sender":"Frank Ventura <fjventura20@outlook.com>","result_status":"error"}
{"timestamp":"2026-03-06T21:08:08.816Z","action":"freeform_processing","message_id":"<BL0PR06MB4402ADA68AFA7414BA639AD2BD7AA@BL0PR06MB4402.namprd06.prod.outlook.com>","sender":"Frank Ventura <fjventura20@outlook.com>","subject":"Run health check","body_preview":""}
{"timestamp":"2026-03-06T21:08:08.816Z","action":"freeform_attempt","agent":"tim","message_preview":"Run health check"}
{"timestamp":"2026-03-06T21:08:08.820Z","action":"freeform_spawn_error","agent":"tim","error":"spawn openclaw ENOENT"}
{"timestamp":"2026-03-06T21:08:08.821Z","action":"freeform_completed","message_id":"<BL0PR06MB4402ADA68AFA7414BA639AD2BD7AA@BL0PR06MB4402.namprd06.prod.outlook.com>","sender":"Frank Ventura <fjventura20@outlook.com>","result_status":"error"}
{"timestamp":"2026-03-06T21:08:08.821Z","action":"freeform_processing","message_id":"<BL0PR06MB44026A7813DFE8C9DED22711BD7AA@BL0PR06MB4402.namprd06.prod.outlook.com>","sender":"Frank Ventura <fjventura20@outlook.com>","subject":"Re: 🎯 Tim Agent Test Email","body_preview":""}
{"timestamp":"2026-03-06T21:08:08.821Z","action":"freeform_attempt","agent":"tim","message_preview":"Re: 🎯 Tim Agent Test Email"}
{"timestamp":"2026-03-06T21:08:08.825Z","action":"freeform_spawn_error","agent":"tim","error":"spawn openclaw ENOENT"}
{"timestamp":"2026-03-06T21:08:08.825Z","action":"freeform_completed","message_id":"<BL0PR06MB44026A7813DFE8C9DED22711BD7AA@BL0PR06MB4402.namprd06.prod.outlook.com>","sender":"Frank Ventura <fjventura20@outlook.com>","result_status":"error"}
{"timestamp":"2026-03-06T21:08:08.826Z","action":"freeform_processing","message_id":"<0100019cc2b4788d-ed5cee50-317a-41d5-934e-cead59a118a1-000000@email.amazonses.com>","sender":"TimsMail <timsmail@agentmail.to>","subject":"🎯 Tim Agent Test Email","body_preview":""}
{"timestamp":"2026-03-06T21:08:08.826Z","action":"freeform_attempt","agent":"tim","message_preview":"🎯 Tim Agent Test Email"}
{"timestamp":"2026-03-06T21:08:08.832Z","action":"freeform_spawn_error","agent":"tim","error":"spawn openclaw ENOENT"}
{"timestamp":"2026-03-06T21:08:08.832Z","action":"freeform_completed","message_id":"<0100019cc2b4788d-ed5cee50-317a-41d5-934e-cead59a118a1-000000@email.amazonses.com>","sender":"TimsMail <timsmail@agentmail.to>","result_status":"error"}
{"timestamp":"2026-03-06T21:08:08.832Z","action":"freeform_processing","message_id":"<0100019cbec810e2-39183dae-4a94-4794-bbce-7fad7e831ee3-000000@email.amazonses.com>","sender":"TimsMail <timsmail@agentmail.to>","subject":"Test message1","body_preview":""}
{"timestamp":"2026-03-06T21:08:08.833Z","action":"freeform_attempt","agent":"tim","message_preview":"Test message1"}
{"timestamp":"2026-03-06T21:08:08.837Z","action":"freeform_spawn_error","agent":"tim","error":"spawn openclaw ENOENT"}
{"timestamp":"2026-03-06T21:08:08.838Z","action":"freeform_completed","message_id":"<0100019cbec810e2-39183dae-4a94-4794-bbce-7fad7e831ee3-000000@email.amazonses.com>","sender":"TimsMail <timsmail@agentmail.to>","result_status":"error"}
{"timestamp":"2026-03-06T21:08:08.846Z","action":"freeform_error","agent":"tim","message_preview":"Test message1","exit_code":-4058,"stderr":""}
{"timestamp":"2026-03-06T21:08:08.847Z","action":"freeform_error","agent":"tim","message_preview":"🎯 Tim Agent Test Email","exit_code":-4058,"stderr":""}
{"timestamp":"2026-03-06T21:08:08.847Z","action":"freeform_error","agent":"tim","message_preview":"Re: 🎯 Tim Agent Test Email","exit_code":-4058,"stderr":""}
{"timestamp":"2026-03-06T21:08:08.847Z","action":"freeform_error","agent":"tim","message_preview":"Run health check","exit_code":-4058,"stderr":""}
{"timestamp":"2026-03-06T21:08:08.848Z","action":"freeform_error","agent":"tim","message_preview":"Health","exit_code":-4058,"stderr":""}
{"timestamp":"2026-03-06T21:08:20.645Z","action":"freeform_processing","message_id":"<0100019cc4faacff-983f08b5-fc9f-45ee-928a-bc31d7774d3d-000000@email.amazonses.com>","sender":"TimsMail <timsmail@agentmail.to>","subject":"RE: TIM:STATUS","body_preview":""}
{"timestamp":"2026-03-06T21:08:20.645Z","action":"freeform_attempt","agent":"tim","message_preview":"RE: TIM:STATUS"}
{"timestamp":"2026-03-06T21:08:20.651Z","action":"freeform_spawn_error","agent":"tim","error":"spawn openclaw ENOENT"}
{"timestamp":"2026-03-06T21:08:20.652Z","action":"freeform_completed","message_id":"<0100019cc4faacff-983f08b5-fc9f-45ee-928a-bc31d7774d3d-000000@email.amazonses.com>","sender":"TimsMail <timsmail@agentmail.to>","result_status":"error"}
{"timestamp":"2026-03-06T21:08:20.652Z","action":"freeform_processing","message_id":"<0100019cc4faabab-87bf6dfb-8cb8-4f7f-b3c7-d8b3fc6d4911-000000@email.amazonses.com>","sender":"TimsMail <timsmail@agentmail.to>","subject":"RE: TIM:STATUS","body_preview":""}
{"timestamp":"2026-03-06T21:08:20.653Z","action":"freeform_attempt","agent":"tim","message_preview":"RE: TIM:STATUS"}
{"timestamp":"2026-03-06T21:08:20.657Z","action":"freeform_spawn_error","agent":"tim","error":"spawn openclaw ENOENT"}
{"timestamp":"2026-03-06T21:08:20.658Z","action":"freeform_completed","message_id":"<0100019cc4faabab-87bf6dfb-8cb8-4f7f-b3c7-d8b3fc6d4911-000000@email.amazonses.com>","sender":"TimsMail <timsmail@agentmail.to>","result_status":"error"}
{"timestamp":"2026-03-06T21:08:20.659Z","action":"freeform_processing","message_id":"<0100019cc4faaa09-feea7647-ff2b-4dfe-913e-2bfeea81ae25-000000@email.amazonses.com>","sender":"TimsMail <timsmail@agentmail.to>","subject":"RE: TIM:STATUS","body_preview":""}
{"timestamp":"2026-03-06T21:08:20.659Z","action":"freeform_attempt","agent":"tim","message_preview":"RE: TIM:STATUS"}
{"timestamp":"2026-03-06T21:08:20.664Z","action":"freeform_spawn_error","agent":"tim","error":"spawn openclaw ENOENT"}
{"timestamp":"2026-03-06T21:08:20.664Z","action":"freeform_completed","message_id":"<0100019cc4faaa09-feea7647-ff2b-4dfe-913e-2bfeea81ae25-000000@email.amazonses.com>","sender":"TimsMail <timsmail@agentmail.to>","result_status":"error"}
{"timestamp":"2026-03-06T21:08:20.665Z","action":"freeform_processing","message_id":"<0100019cc4faa89d-9467ea84-b5f5-4780-afc9-b0931e6fe9c3-000000@email.amazonses.com>","sender":"TimsMail <timsmail@agentmail.to>","subject":"RE: TIM:STATUS","body_preview":""}
{"timestamp":"2026-03-06T21:08:20.665Z","action":"freeform_attempt","agent":"tim","message_preview":"RE: TIM:STATUS"}
{"timestamp":"2026-03-06T21:08:20.670Z","action":"freeform_spawn_error","agent":"tim","error":"spawn openclaw ENOENT"}
{"timestamp":"2026-03-06T21:08:20.671Z","action":"freeform_completed","message_id":"<0100019cc4faa89d-9467ea84-b5f5-4780-afc9-b0931e6fe9c3-000000@email.amazonses.com>","sender":"TimsMail <timsmail@agentmail.to>","result_status":"error"}
{"timestamp":"2026-03-06T21:08:20.683Z","action":"freeform_error","agent":"tim","message_preview":"RE: TIM:STATUS","exit_code":-4058,"stderr":""}
{"timestamp":"2026-03-06T21:08:20.683Z","action":"freeform_error","agent":"tim","message_preview":"RE: TIM:STATUS","exit_code":-4058,"stderr":""}
{"timestamp":"2026-03-06T21:08:20.684Z","action":"freeform_error","agent":"tim","message_preview":"RE: TIM:STATUS","exit_code":-4058,"stderr":""}
{"timestamp":"2026-03-06T21:08:20.684Z","action":"freeform_error","agent":"tim","message_preview":"RE: TIM:STATUS","exit_code":-4058,"stderr":""}
{"timestamp":"2026-03-06T21:44:18.150Z","action":"processing","message_id":"<BL0PR06MB44022D5314C361070FDADABABD7AA@BL0PR06MB4402.namprd06.prod.outlook.com>","sender":"Frank Ventura <fjventura20@outlook.com>","subject":"TIM:STATUS","command":"STATUS","args":""}
{"timestamp":"2026-03-06T21:44:18.541Z","action":"reply_sent","message_id":"<BL0PR06MB44022D5314C361070FDADABABD7AA@BL0PR06MB4402.namprd06.prod.outlook.com>","sender":"Frank Ventura <fjventura20@outlook.com>","subject":"TIM:STATUS","command":"STATUS","result_status":"SUCCESS"}
{"timestamp":"2026-03-06T21:44:18.542Z","action":"processing","message_id":"<BL0PR06MB4402ECFC4610C89534F6DFEABD7AA@BL0PR06MB4402.namprd06.prod.outlook.com>","sender":"Frank Ventura <fjventura20@outlook.com>","subject":"TIM:STATUS","command":"STATUS","args":""}
{"timestamp":"2026-03-06T21:44:18.985Z","action":"reply_sent","message_id":"<BL0PR06MB4402ECFC4610C89534F6DFEABD7AA@BL0PR06MB4402.namprd06.prod.outlook.com>","sender":"Frank Ventura <fjventura20@outlook.com>","subject":"TIM:STATUS","command":"STATUS","result_status":"SUCCESS"}
{"timestamp":"2026-03-06T21:44:18.985Z","action":"processing","message_id":"<BL0PR06MB440212EB1BF05B5784C148AABD7AA@BL0PR06MB4402.namprd06.prod.outlook.com>","sender":"Frank Ventura <fjventura20@outlook.com>","subject":"TIM:STATUS","command":"STATUS","args":""}
{"timestamp":"2026-03-06T21:44:19.348Z","action":"reply_sent","message_id":"<BL0PR06MB440212EB1BF05B5784C148AABD7AA@BL0PR06MB4402.namprd06.prod.outlook.com>","sender":"Frank Ventura <fjventura20@outlook.com>","subject":"TIM:STATUS","command":"STATUS","result_status":"SUCCESS"}
{"timestamp":"2026-03-06T21:44:19.349Z","action":"processing","message_id":"<BL0PR06MB440290B5E0237076CC2E2425BD7AA@BL0PR06MB4402.namprd06.prod.outlook.com>","sender":"Frank Ventura <fjventura20@outlook.com>","subject":"TIM:STATUS","command":"STATUS","args":""}
{"timestamp":"2026-03-06T21:44:19.757Z","action":"reply_sent","message_id":"<BL0PR06MB440290B5E0237076CC2E2425BD7AA@BL0PR06MB4402.namprd06.prod.outlook.com>","sender":"Frank Ventura <fjventura20@outlook.com>","subject":"TIM:STATUS","command":"STATUS","result_status":"SUCCESS"}
{"timestamp":"2026-03-06T21:44:21.149Z","action":"freeform_processing","message_id":"<0100019cc51bcd02-3fcc5484-d466-489d-a036-51daf22da579-000000@email.amazonses.com>","sender":"TimsMail <timsmail@agentmail.to>","subject":"RE: TIM:STATUS","body_preview":""}
{"timestamp":"2026-03-06T21:44:21.150Z","action":"freeform_attempt","agent":"tim","message_preview":"RE: TIM:STATUS"}
{"timestamp":"2026-03-06T21:44:21.157Z","action":"freeform_spawn_error","agent":"tim","error":"spawn openclaw ENOENT"}
{"timestamp":"2026-03-06T21:44:21.158Z","action":"freeform_completed","message_id":"<0100019cc51bcd02-3fcc5484-d466-489d-a036-51daf22da579-000000@email.amazonses.com>","sender":"TimsMail <timsmail@agentmail.to>","result_status":"error"}
{"timestamp":"2026-03-06T21:44:21.158Z","action":"freeform_processing","message_id":"<0100019cc51bcba7-3aeb8b4b-5430-429d-9661-f7f58dbff215-000000@email.amazonses.com>","sender":"TimsMail <timsmail@agentmail.to>","subject":"RE: TIM:STATUS","body_preview":""}
{"timestamp":"2026-03-06T21:44:21.159Z","action":"freeform_attempt","agent":"tim","message_preview":"RE: TIM:STATUS"}
{"timestamp":"2026-03-06T21:44:21.164Z","action":"freeform_spawn_error","agent":"tim","error":"spawn openclaw ENOENT"}
{"timestamp":"2026-03-06T21:44:21.164Z","action":"freeform_completed","message_id":"<0100019cc51bcba7-3aeb8b4b-5430-429d-9661-f7f58dbff215-000000@email.amazonses.com>","sender":"TimsMail <timsmail@agentmail.to>","result_status":"error"}
{"timestamp":"2026-03-06T21:44:21.164Z","action":"freeform_processing","message_id":"<0100019cc51bca32-3e0a6580-4c30-4e91-ba33-a1be08d4318e-000000@email.amazonses.com>","sender":"TimsMail <timsmail@agentmail.to>","subject":"RE: TIM:STATUS","body_preview":""}
{"timestamp":"2026-03-06T21:44:21.165Z","action":"freeform_attempt","agent":"tim","message_preview":"RE: TIM:STATUS"}
{"timestamp":"2026-03-06T21:44:21.169Z","action":"freeform_spawn_error","agent":"tim","error":"spawn openclaw ENOENT"}
{"timestamp":"2026-03-06T21:44:21.170Z","action":"freeform_completed","message_id":"<0100019cc51bca32-3e0a6580-4c30-4e91-ba33-a1be08d4318e-000000@email.amazonses.com>","sender":"TimsMail <timsmail@agentmail.to>","result_status":"error"}
{"timestamp":"2026-03-06T21:44:21.170Z","action":"freeform_processing","message_id":"<0100019cc51bc860-b2d4f671-6204-4b77-a73c-e22568fe6b2f-000000@email.amazonses.com>","sender":"TimsMail <timsmail@agentmail.to>","subject":"RE: TIM:STATUS","body_preview":""}
{"timestamp":"2026-03-06T21:44:21.170Z","action":"freeform_attempt","agent":"tim","message_preview":"RE: TIM:STATUS"}
{"timestamp":"2026-03-06T21:44:21.175Z","action":"freeform_spawn_error","agent":"tim","error":"spawn openclaw ENOENT"}
{"timestamp":"2026-03-06T21:44:21.175Z","action":"freeform_completed","message_id":"<0100019cc51bc860-b2d4f671-6204-4b77-a73c-e22568fe6b2f-000000@email.amazonses.com>","sender":"TimsMail <timsmail@agentmail.to>","result_status":"error"}
{"timestamp":"2026-03-06T21:44:21.176Z","action":"freeform_processing","message_id":"<0100019cc4faacff-983f08b5-fc9f-45ee-928a-bc31d7774d3d-000000@email.amazonses.com>","sender":"TimsMail <timsmail@agentmail.to>","subject":"RE: TIM:STATUS","body_preview":""}
{"timestamp":"2026-03-06T21:44:21.176Z","action":"freeform_attempt","agent":"tim","message_preview":"RE: TIM:STATUS"}
{"timestamp":"2026-03-06T21:44:21.180Z","action":"freeform_spawn_error","agent":"tim","error":"spawn openclaw ENOENT"}
{"timestamp":"2026-03-06T21:44:21.181Z","action":"freeform_completed","message_id":"<0100019cc4faacff-983f08b5-fc9f-45ee-928a-bc31d7774d3d-000000@email.amazonses.com>","sender":"TimsMail <timsmail@agentmail.to>","result_status":"error"}
{"timestamp":"2026-03-06T21:44:21.181Z","action":"freeform_processing","message_id":"<0100019cc4faabab-87bf6dfb-8cb8-4f7f-b3c7-d8b3fc6d4911-000000@email.amazonses.com>","sender":"TimsMail <timsmail@agentmail.to>","subject":"RE: TIM:STATUS","body_preview":""}
{"timestamp":"2026-03-06T21:44:21.181Z","action":"freeform_attempt","agent":"tim","message_preview":"RE: TIM:STATUS"}
{"timestamp":"2026-03-06T21:44:21.185Z","action":"freeform_spawn_error","agent":"tim","error":"spawn openclaw ENOENT"}
{"timestamp":"2026-03-06T21:44:21.185Z","action":"freeform_completed","message_id":"<0100019cc4faabab-87bf6dfb-8cb8-4f7f-b3c7-d8b3fc6d4911-000000@email.amazonses.com>","sender":"TimsMail <timsmail@agentmail.to>","result_status":"error"}
{"timestamp":"2026-03-06T21:44:21.186Z","action":"freeform_processing","message_id":"<0100019cc4faaa09-feea7647-ff2b-4dfe-913e-2bfeea81ae25-000000@email.amazonses.com>","sender":"TimsMail <timsmail@agentmail.to>","subject":"RE: TIM:STATUS","body_preview":""}
{"timestamp":"2026-03-06T21:44:21.186Z","action":"freeform_attempt","agent":"tim","message_preview":"RE: TIM:STATUS"}
{"timestamp":"2026-03-06T21:44:21.191Z","action":"freeform_spawn_error","agent":"tim","error":"spawn openclaw ENOENT"}
{"timestamp":"2026-03-06T21:44:21.192Z","action":"freeform_completed","message_id":"<0100019cc4faaa09-feea7647-ff2b-4dfe-913e-2bfeea81ae25-000000@email.amazonses.com>","sender":"TimsMail <timsmail@agentmail.to>","result_status":"error"}
{"timestamp":"2026-03-06T21:44:21.192Z","action":"freeform_processing","message_id":"<0100019cc4faa89d-9467ea84-b5f5-4780-afc9-b0931e6fe9c3-000000@email.amazonses.com>","sender":"TimsMail <timsmail@agentmail.to>","subject":"RE: TIM:STATUS","body_preview":""}
{"timestamp":"2026-03-06T21:44:21.193Z","action":"freeform_attempt","agent":"tim","message_preview":"RE: TIM:STATUS"}
{"timestamp":"2026-03-06T21:44:21.197Z","action":"freeform_spawn_error","agent":"tim","error":"spawn openclaw ENOENT"}
{"timestamp":"2026-03-06T21:44:21.198Z","action":"freeform_completed","message_id":"<0100019cc4faa89d-9467ea84-b5f5-4780-afc9-b0931e6fe9c3-000000@email.amazonses.com>","sender":"TimsMail <timsmail@agentmail.to>","result_status":"error"}
{"timestamp":"2026-03-06T21:44:21.198Z","action":"freeform_processing","message_id":"<0100019cc4f29855-e8b7e1d8-6de2-43d4-b653-ff3f8565c054-000000@email.amazonses.com>","sender":"TimsMail <timsmail@agentmail.to>","subject":"RE: TIM:STATUS","body_preview":""}
{"timestamp":"2026-03-06T21:44:21.198Z","action":"freeform_attempt","agent":"tim","message_preview":"RE: TIM:STATUS"}
{"timestamp":"2026-03-06T21:44:21.203Z","action":"freeform_spawn_error","agent":"tim","error":"spawn openclaw ENOENT"}
{"timestamp":"2026-03-06T21:44:21.204Z","action":"freeform_completed","message_id":"<0100019cc4f29855-e8b7e1d8-6de2-43d4-b653-ff3f8565c054-000000@email.amazonses.com>","sender":"TimsMail <timsmail@agentmail.to>","result_status":"error"}
{"timestamp":"2026-03-06T21:44:21.205Z","action":"freeform_processing","message_id":"<0100019cc4f296c3-bd6ca6a5-3dea-4082-9cd7-b10abd51991b-000000@email.amazonses.com>","sender":"TimsMail <timsmail@agentmail.to>","subject":"RE: TIM:STATUS","body_preview":""}
{"timestamp":"2026-03-06T21:44:21.206Z","action":"freeform_attempt","agent":"tim","message_preview":"RE: TIM:STATUS"}
{"timestamp":"2026-03-06T21:44:21.212Z","action":"freeform_spawn_error","agent":"tim","error":"spawn openclaw ENOENT"}
{"timestamp":"2026-03-06T21:44:21.212Z","action":"freeform_completed","message_id":"<0100019cc4f296c3-bd6ca6a5-3dea-4082-9cd7-b10abd51991b-000000@email.amazonses.com>","sender":"TimsMail <timsmail@agentmail.to>","result_status":"error"}
{"timestamp":"2026-03-06T21:44:21.213Z","action":"freeform_processing","message_id":"<0100019cc4f29546-2721e402-7cc0-4b94-97ef-1b3b747faa28-000000@email.amazonses.com>","sender":"TimsMail <timsmail@agentmail.to>","subject":"RE: TIM:STATUS","body_preview":""}
{"timestamp":"2026-03-06T21:44:21.213Z","action":"freeform_attempt","agent":"tim","message_preview":"RE: TIM:STATUS"}
{"timestamp":"2026-03-06T21:44:21.217Z","action":"freeform_spawn_error","agent":"tim","error":"spawn openclaw ENOENT"}
{"timestamp":"2026-03-06T21:44:21.218Z","action":"freeform_completed","message_id":"<0100019cc4f29546-2721e402-7cc0-4b94-97ef-1b3b747faa28-000000@email.amazonses.com>","sender":"TimsMail <timsmail@agentmail.to>","result_status":"error"}
{"timestamp":"2026-03-06T21:44:21.218Z","action":"freeform_processing","message_id":"<0100019cc4f2937e-70e12877-23d9-4c36-85b2-2dbfcd8a60f9-000000@email.amazonses.com>","sender":"TimsMail <timsmail@agentmail.to>","subject":"RE: TIM:STATUS","body_preview":""}
{"timestamp":"2026-03-06T21:44:21.218Z","action":"freeform_attempt","agent":"tim","message_preview":"RE: TIM:STATUS"}
{"timestamp":"2026-03-06T21:44:21.223Z","action":"freeform_spawn_error","agent":"tim","error":"spawn openclaw ENOENT"}
{"timestamp":"2026-03-06T21:44:21.224Z","action":"freeform_completed","message_id":"<0100019cc4f2937e-70e12877-23d9-4c36-85b2-2dbfcd8a60f9-000000@email.amazonses.com>","sender":"TimsMail <timsmail@agentmail.to>","result_status":"error"}
{"timestamp":"2026-03-06T21:44:21.224Z","action":"freeform_processing","message_id":"<BL0PR06MB4402E07B67293B21EABDE201BD7AA@BL0PR06MB4402.namprd06.prod.outlook.com>","sender":"Frank Ventura <fjventura20@outlook.com>","subject":"Task","body_preview":""}
{"timestamp":"2026-03-06T21:44:21.224Z","action":"freeform_attempt","agent":"tim","message_preview":"Task"}
{"timestamp":"2026-03-06T21:44:21.229Z","action":"freeform_spawn_error","agent":"tim","error":"spawn openclaw ENOENT"}
{"timestamp":"2026-03-06T21:44:21.229Z","action":"freeform_completed","message_id":"<BL0PR06MB4402E07B67293B21EABDE201BD7AA@BL0PR06MB4402.namprd06.prod.outlook.com>","sender":"Frank Ventura <fjventura20@outlook.com>","result_status":"error"}
{"timestamp":"2026-03-06T21:44:21.230Z","action":"freeform_processing","message_id":"<BL0PR06MB44024E5356CB485E71ADFFD0BD7AA@BL0PR06MB4402.namprd06.prod.outlook.com>","sender":"Frank Ventura <fjventura20@outlook.com>","subject":"Task","body_preview":""}
{"timestamp":"2026-03-06T21:44:21.230Z","action":"freeform_attempt","agent":"tim","message_preview":"Task"}
{"timestamp":"2026-03-06T21:44:21.235Z","action":"freeform_spawn_error","agent":"tim","error":"spawn openclaw ENOENT"}
{"timestamp":"2026-03-06T21:44:21.235Z","action":"freeform_completed","message_id":"<BL0PR06MB44024E5356CB485E71ADFFD0BD7AA@BL0PR06MB4402.namprd06.prod.outlook.com>","sender":"Frank Ventura <fjventura20@outlook.com>","result_status":"error"}
{"timestamp":"2026-03-06T21:44:21.236Z","action":"freeform_processing","message_id":"<BL0PR06MB44026EBED61BC7F37707A570BD7AA@BL0PR06MB4402.namprd06.prod.outlook.com>","sender":"Frank Ventura <fjventura20@outlook.com>","subject":"Test","body_preview":""}
{"timestamp":"2026-03-06T21:44:21.236Z","action":"freeform_attempt","agent":"tim","message_preview":"Test"}
{"timestamp":"2026-03-06T21:44:21.242Z","action":"freeform_spawn_error","agent":"tim","error":"spawn openclaw ENOENT"}
{"timestamp":"2026-03-06T21:44:21.242Z","action":"freeform_completed","message_id":"<BL0PR06MB44026EBED61BC7F37707A570BD7AA@BL0PR06MB4402.namprd06.prod.outlook.com>","sender":"Frank Ventura <fjventura20@outlook.com>","result_status":"error"}
{"timestamp":"2026-03-06T21:44:21.242Z","action":"freeform_processing","message_id":"<0100019cc4c1ad2d-e72eca3d-42bd-4b7f-84bc-3e3bc6602873-000000@email.amazonses.com>","sender":"TimsMail <timsmail@agentmail.to>","subject":"RE: TIM:STATUS","body_preview":""}
{"timestamp":"2026-03-06T21:44:21.243Z","action":"freeform_attempt","agent":"tim","message_preview":"RE: TIM:STATUS"}
{"timestamp":"2026-03-06T21:44:21.247Z","action":"freeform_spawn_error","agent":"tim","error":"spawn openclaw ENOENT"}
{"timestamp":"2026-03-06T21:44:21.248Z","action":"freeform_completed","message_id":"<0100019cc4c1ad2d-e72eca3d-42bd-4b7f-84bc-3e3bc6602873-000000@email.amazonses.com>","sender":"TimsMail <timsmail@agentmail.to>","result_status":"error"}
{"timestamp":"2026-03-06T21:44:21.248Z","action":"freeform_processing","message_id":"<BL0PR06MB440279461123E00111DE2CF2BD7AA@BL0PR06MB4402.namprd06.prod.outlook.com>","sender":"Frank Ventura <fjventura20@outlook.com>","subject":"Health","body_preview":""}
{"timestamp":"2026-03-06T21:44:21.248Z","action":"freeform_attempt","agent":"tim","message_preview":"Health"}
{"timestamp":"2026-03-06T21:44:21.253Z","action":"freeform_spawn_error","agent":"tim","error":"spawn openclaw ENOENT"}
{"timestamp":"2026-03-06T21:44:21.254Z","action":"freeform_completed","message_id":"<BL0PR06MB440279461123E00111DE2CF2BD7AA@BL0PR06MB4402.namprd06.prod.outlook.com>","sender":"Frank Ventura <fjventura20@outlook.com>","result_status":"error"}
{"timestamp":"2026-03-06T21:44:21.254Z","action":"freeform_processing","message_id":"<BL0PR06MB4402ADA68AFA7414BA639AD2BD7AA@BL0PR06MB4402.namprd06.prod.outlook.com>","sender":"Frank Ventura <fjventura20@outlook.com>","subject":"Run health check","body_preview":""}
{"timestamp":"2026-03-06T21:44:21.254Z","action":"freeform_attempt","agent":"tim","message_preview":"Run health check"}
{"timestamp":"2026-03-06T21:44:21.259Z","action":"freeform_spawn_error","agent":"tim","error":"spawn openclaw ENOENT"}
{"timestamp":"2026-03-06T21:44:21.260Z","action":"freeform_completed","message_id":"<BL0PR06MB4402ADA68AFA7414BA639AD2BD7AA@BL0PR06MB4402.namprd06.prod.outlook.com>","sender":"Frank Ventura <fjventura20@outlook.com>","result_status":"error"}
{"timestamp":"2026-03-06T21:44:21.260Z","action":"freeform_processing","message_id":"<BL0PR06MB44026A7813DFE8C9DED22711BD7AA@BL0PR06MB4402.namprd06.prod.outlook.com>","sender":"Frank Ventura <fjventura20@outlook.com>","subject":"Re: 🎯 Tim Agent Test Email","body_preview":""}
{"timestamp":"2026-03-06T21:44:21.261Z","action":"freeform_attempt","agent":"tim","message_preview":"Re: 🎯 Tim Agent Test Email"}
{"timestamp":"2026-03-06T21:44:21.266Z","action":"freeform_spawn_error","agent":"tim","error":"spawn openclaw ENOENT"}
{"timestamp":"2026-03-06T21:44:21.266Z","action":"freeform_completed","message_id":"<BL0PR06MB44026A7813DFE8C9DED22711BD7AA@BL0PR06MB4402.namprd06.prod.outlook.com>","sender":"Frank Ventura <fjventura20@outlook.com>","result_status":"error"}
{"timestamp":"2026-03-06T21:44:21.266Z","action":"freeform_processing","message_id":"<0100019cc2b4788d-ed5cee50-317a-41d5-934e-cead59a118a1-000000@email.amazonses.com>","sender":"TimsMail <timsmail@agentmail.to>","subject":"🎯 Tim Agent Test Email","body_preview":""}
{"timestamp":"2026-03-06T21:44:21.267Z","action":"freeform_attempt","agent":"tim","message_preview":"🎯 Tim Agent Test Email"}
{"timestamp":"2026-03-06T21:44:21.272Z","action":"freeform_spawn_error","agent":"tim","error":"spawn openclaw ENOENT"}
{"timestamp":"2026-03-06T21:44:21.272Z","action":"freeform_completed","message_id":"<0100019cc2b4788d-ed5cee50-317a-41d5-934e-cead59a118a1-000000@email.amazonses.com>","sender":"TimsMail <timsmail@agentmail.to>","result_status":"error"}
{"timestamp":"2026-03-06T21:44:21.273Z","action":"freeform_processing","message_id":"<0100019cbec810e2-39183dae-4a94-4794-bbce-7fad7e831ee3-000000@email.amazonses.com>","sender":"TimsMail <timsmail@agentmail.to>","subject":"Test message1","body_preview":""}
{"timestamp":"2026-03-06T21:44:21.273Z","action":"freeform_attempt","agent":"tim","message_preview":"Test message1"}
{"timestamp":"2026-03-06T21:44:21.278Z","action":"freeform_spawn_error","agent":"tim","error":"spawn openclaw ENOENT"}
{"timestamp":"2026-03-06T21:44:21.278Z","action":"freeform_completed","message_id":"<0100019cbec810e2-39183dae-4a94-4794-bbce-7fad7e831ee3-000000@email.amazonses.com>","sender":"TimsMail <timsmail@agentmail.to>","result_status":"error"}
{"timestamp":"2026-03-06T21:44:21.290Z","action":"freeform_error","agent":"tim","message_preview":"Test message1","exit_code":-4058,"stderr":""}
{"timestamp":"2026-03-06T21:44:21.291Z","action":"freeform_error","agent":"tim","message_preview":"🎯 Tim Agent Test Email","exit_code":-4058,"stderr":""}
{"timestamp":"2026-03-06T21:44:21.291Z","action":"freeform_error","agent":"tim","message_preview":"Re: 🎯 Tim Agent Test Email","exit_code":-4058,"stderr":""}
{"timestamp":"2026-03-06T21:44:21.291Z","action":"freeform_error","agent":"tim","message_preview":"Run health check","exit_code":-4058,"stderr":""}
{"timestamp":"2026-03-06T21:44:21.292Z","action":"freeform_error","agent":"tim","message_preview":"Health","exit_code":-4058,"stderr":""}
{"timestamp":"2026-03-06T21:44:21.292Z","action":"freeform_error","agent":"tim","message_preview":"RE: TIM:STATUS","exit_code":-4058,"stderr":""}
{"timestamp":"2026-03-06T21:44:21.292Z","action":"freeform_error","agent":"tim","message_preview":"Test","exit_code":-4058,"stderr":""}
{"timestamp":"2026-03-06T21:44:21.293Z","action":"freeform_error","agent":"tim","message_preview":"Task","exit_code":-4058,"stderr":""}
{"timestamp":"2026-03-06T21:44:21.293Z","action":"freeform_error","agent":"tim","message_preview":"Task","exit_code":-4058,"stderr":""}
{"timestamp":"2026-03-06T21:44:21.293Z","action":"freeform_error","agent":"tim","message_preview":"RE: TIM:STATUS","exit_code":-4058,"stderr":""}
{"timestamp":"2026-03-06T21:44:21.293Z","action":"freeform_error","agent":"tim","message_preview":"RE: TIM:STATUS","exit_code":-4058,"stderr":""}
{"timestamp":"2026-03-06T21:44:21.294Z","action":"freeform_error","agent":"tim","message_preview":"RE: TIM:STATUS","exit_code":-4058,"stderr":""}
{"timestamp":"2026-03-06T21:44:21.294Z","action":"freeform_error","agent":"tim","message_preview":"RE: TIM:STATUS","exit_code":-4058,"stderr":""}
{"timestamp":"2026-03-06T21:44:21.294Z","action":"freeform_error","agent":"tim","message_preview":"RE: TIM:STATUS","exit_code":-4058,"stderr":""}
{"timestamp":"2026-03-06T21:44:21.295Z","action":"freeform_error","agent":"tim","message_preview":"RE: TIM:STATUS","exit_code":-4058,"stderr":""}
{"timestamp":"2026-03-06T21:44:21.295Z","action":"freeform_error","agent":"tim","message_preview":"RE: TIM:STATUS","exit_code":-4058,"stderr":""}
{"timestamp":"2026-03-06T21:44:21.295Z","action":"freeform_error","agent":"tim","message_preview":"RE: TIM:STATUS","exit_code":-4058,"stderr":""}
{"timestamp":"2026-03-06T21:44:21.295Z","action":"freeform_error","agent":"tim","message_preview":"RE: TIM:STATUS","exit_code":-4058,"stderr":""}
{"timestamp":"2026-03-06T21:44:21.296Z","action":"freeform_error","agent":"tim","message_preview":"RE: TIM:STATUS","exit_code":-4058,"stderr":""}
{"timestamp":"2026-03-06T21:44:21.296Z","action":"freeform_error","agent":"tim","message_preview":"RE: TIM:STATUS","exit_code":-4058,"stderr":""}
{"timestamp":"2026-03-06T21:44:21.296Z","action":"freeform_error","agent":"tim","message_preview":"RE: TIM:STATUS","exit_code":-4058,"stderr":""}
{"timestamp":"2026-03-06T21:48:51.261Z","action":"freeform_processing","message_id":"<BL0PR06MB44025264A96DEA2E77D01797BD7AA@BL0PR06MB4402.namprd06.prod.outlook.com>","sender":"Frank Ventura <fjventura20@outlook.com>","subject":"Task","body_preview":""}
{"timestamp":"2026-03-06T21:48:51.262Z","action":"freeform_attempt","agent":"tim","message_preview":"Task"}
{"timestamp":"2026-03-06T21:48:51.267Z","action":"freeform_spawn_error","agent":"tim","error":"spawn openclaw ENOENT"}
{"timestamp":"2026-03-06T21:48:51.267Z","action":"freeform_completed","message_id":"<BL0PR06MB44025264A96DEA2E77D01797BD7AA@BL0PR06MB4402.namprd06.prod.outlook.com>","sender":"Frank Ventura <fjventura20@outlook.com>","result_status":"error"}
{"timestamp":"2026-03-06T21:48:51.277Z","action":"freeform_error","agent":"tim","message_preview":"Task","exit_code":-4058,"stderr":""}
{"timestamp":"2026-03-06T21:51:33.850Z","action":"freeform_processing","message_id":"<BL0PR06MB4402CD247EB645D740BDDB71BD7AA@BL0PR06MB4402.namprd06.prod.outlook.com>","sender":"Frank Ventura <fjventura20@outlook.com>","subject":"Task","body_preview":""}
{"timestamp":"2026-03-06T21:51:33.851Z","action":"freeform_attempt","agent":"tim","message_preview":"Task"}
{"timestamp":"2026-03-06T21:51:33.858Z","action":"freeform_spawn_error","agent":"tim","error":"spawn openclaw ENOENT"}
{"timestamp":"2026-03-06T21:51:33.859Z","action":"freeform_completed","message_id":"<BL0PR06MB4402CD247EB645D740BDDB71BD7AA@BL0PR06MB4402.namprd06.prod.outlook.com>","sender":"Frank Ventura <fjventura20@outlook.com>","result_status":"error"}
{"timestamp":"2026-03-06T21:51:33.869Z","action":"freeform_error","agent":"tim","message_preview":"Task","exit_code":-4058,"stderr":""}
