═══════════════════════════════════════════════════════════
  VividWalls Hero Banner Generation
  Total artworks: 48
  Output: /home/kingler/openclaw-mabos/extensions/mabos/assets/hero-banners
  Dry run: false
═══════════════════════════════════════════════════════════

──────────────────────────────────────────────────────────
  Generating: black-mosaic-no1 (Mosaic)
  CDN: https://cdn.shopify.com/s/files/1/0785/1504/4639/files/vw-printable-black-mosaic-no1.png?v=1772911183
  Output: /home/kingler/openclaw-mabos/extensions/mabos/assets/hero-banners/hero-banner-black-mosaic-no1.png
  Generating image with Nano Banana Pro...
Loaded input image: /home/kingler/openclaw-mabos/extensions/mabos/assets/hero-banners/../artwork-printables/black-mosaic-no1-hero.png
Processing 1 image with resolution 2K...

Image saved: /home/kingler/openclaw-mabos/extensions/mabos/assets/hero-banners/hero-banner-black-mosaic-no1.png
MEDIA: /home/kingler/openclaw-mabos/extensions/mabos/assets/hero-banners/hero-banner-black-mosaic-no1.png
  SUCCESS: /home/kingler/openclaw-mabos/extensions/mabos/assets/hero-banners/hero-banner-black-mosaic-no1.png
──────────────────────────────────────────────────────────
  Generating: black-mosaic-no2 (Mosaic)
  CDN: https://cdn.shopify.com/s/files/1/0785/1504/4639/files/vw-printable-black-mosaic-no2.png?v=1772911185
  Output: /home/kingler/openclaw-mabos/extensions/mabos/assets/hero-banners/hero-banner-black-mosaic-no2.png
  Generating image with Nano Banana Pro...
Loaded input image: /home/kingler/openclaw-mabos/extensions/mabos/assets/hero-banners/../artwork-printables/black-mosaic-no2-hero.png
Processing 1 image with resolution 2K...

Image saved: /home/kingler/openclaw-mabos/extensions/mabos/assets/hero-banners/hero-banner-black-mosaic-no2.png
MEDIA: /home/kingler/openclaw-mabos/extensions/mabos/assets/hero-banners/hero-banner-black-mosaic-no2.png
  SUCCESS: /home/kingler/openclaw-mabos/extensions/mabos/assets/hero-banners/hero-banner-black-mosaic-no2.png
──────────────────────────────────────────────────────────
  Generating: black-mosaic-no3 (Mosaic)
  CDN: https://cdn.shopify.com/s/files/1/0785/1504/4639/files/vw-printable-black-mosaic-no3.png?v=1772911187
  Output: /home/kingler/openclaw-mabos/extensions/mabos/assets/hero-banners/hero-banner-black-mosaic-no3.png
  Generating image with Nano Banana Pro...
Loaded input image: /home/kingler/openclaw-mabos/extensions/mabos/assets/hero-banners/../artwork-printables/black-mosaic-no3-hero.png
Processing 1 image with resolution 2K...

Image saved: /home/kingler/openclaw-mabos/extensions/mabos/assets/hero-banners/hero-banner-black-mosaic-no3.png
MEDIA: /home/kingler/openclaw-mabos/extensions/mabos/assets/hero-banners/hero-banner-black-mosaic-no3.png
  SUCCESS: /home/kingler/openclaw-mabos/extensions/mabos/assets/hero-banners/hero-banner-black-mosaic-no3.png
──────────────────────────────────────────────────────────
  Generating: black-mosaic-no3a (Mosaic)
  CDN: https://cdn.shopify.com/s/files/1/0785/1504/4639/files/vw-printable-black-mosaic-no3a.png?v=1772911189
  Output: /home/kingler/openclaw-mabos/extensions/mabos/assets/hero-banners/hero-banner-black-mosaic-no3a.png
  Downloading artwork...
  Generating image with Nano Banana Pro...
Loaded input image: /home/kingler/openclaw-mabos/extensions/mabos/assets/hero-banners/../artwork-printables/black-mosaic-no3a-hero.png
Processing 1 image with resolution 2K...

Image saved: /home/kingler/openclaw-mabos/extensions/mabos/assets/hero-banners/hero-banner-black-mosaic-no3a.png
MEDIA: /home/kingler/openclaw-mabos/extensions/mabos/assets/hero-banners/hero-banner-black-mosaic-no3a.png
  SUCCESS: /home/kingler/openclaw-mabos/extensions/mabos/assets/hero-banners/hero-banner-black-mosaic-no3a.png
──────────────────────────────────────────────────────────
  Generating: black-mosaic-no3b (Mosaic)
  CDN: https://cdn.shopify.com/s/files/1/0785/1504/4639/files/vw-printable-black-mosaic-no3b.png?v=1772911192
  Output: /home/kingler/openclaw-mabos/extensions/mabos/assets/hero-banners/hero-banner-black-mosaic-no3b.png
  Downloading artwork...
  Generating image with Nano Banana Pro...
Loaded input image: /home/kingler/openclaw-mabos/extensions/mabos/assets/hero-banners/../artwork-printables/black-mosaic-no3b-hero.png
Processing 1 image with resolution 2K...

Image saved: /home/kingler/openclaw-mabos/extensions/mabos/assets/hero-banners/hero-banner-black-mosaic-no3b.png
MEDIA: /home/kingler/openclaw-mabos/extensions/mabos/assets/hero-banners/hero-banner-black-mosaic-no3b.png
  SUCCESS: /home/kingler/openclaw-mabos/extensions/mabos/assets/hero-banners/hero-banner-black-mosaic-no3b.png
──────────────────────────────────────────────────────────
  Generating: mosaic (Mosaic)
  CDN: https://cdn.shopify.com/s/files/1/0785/1504/4639/files/vw-printable-mosaic-hero.png?v=1772911230
  Output: /home/kingler/openclaw-mabos/extensions/mabos/assets/hero-banners/hero-banner-mosaic.png
  Downloading artwork...
  Generating image with Nano Banana Pro...
Loaded input image: /home/kingler/openclaw-mabos/extensions/mabos/assets/hero-banners/../artwork-printables/mosaic-hero.png
Processing 1 image with resolution 2K...

Image saved: /home/kingler/openclaw-mabos/extensions/mabos/assets/hero-banners/hero-banner-mosaic.png
MEDIA: /home/kingler/openclaw-mabos/extensions/mabos/assets/hero-banners/hero-banner-mosaic.png
  SUCCESS: /home/kingler/openclaw-mabos/extensions/mabos/assets/hero-banners/hero-banner-mosaic.png
──────────────────────────────────────────────────────────
  Generating: vivid-mosaic-no1 (Mosaic)
  CDN: https://cdn.shopify.com/s/files/1/0785/1504/4639/files/vw-printable-vivid-mosaic-no1-hero.png?v=1772911284
  Output: /home/kingler/openclaw-mabos/extensions/mabos/assets/hero-banners/hero-banner-vivid-mosaic-no1.png
  Downloading artwork...
  Generating image with Nano Banana Pro...
Loaded input image: /home/kingler/openclaw-mabos/extensions/mabos/assets/hero-banners/../artwork-printables/vivid-mosaic-no1-hero.png
Processing 1 image with resolution 2K...

Image saved: /home/kingler/openclaw-mabos/extensions/mabos/assets/hero-banners/hero-banner-vivid-mosaic-no1.png
MEDIA: /home/kingler/openclaw-mabos/extensions/mabos/assets/hero-banners/hero-banner-vivid-mosaic-no1.png
  SUCCESS: /home/kingler/openclaw-mabos/extensions/mabos/assets/hero-banners/hero-banner-vivid-mosaic-no1.png
──────────────────────────────────────────────────────────
  Generating: vivid-mosaic-no2 (Mosaic)
  CDN: https://cdn.shopify.com/s/files/1/0785/1504/4639/files/vw-printable-vivid-mosaic-no2-hero.png?v=1772911286
  Output: /home/kingler/openclaw-mabos/extensions/mabos/assets/hero-banners/hero-banner-vivid-mosaic-no2.png
  Downloading artwork...
  Generating image with Nano Banana Pro...
Loaded input image: /home/kingler/openclaw-mabos/extensions/mabos/assets/hero-banners/../artwork-printables/vivid-mosaic-no2-hero.png
Processing 1 image with resolution 2K...

Image saved: /home/kingler/openclaw-mabos/extensions/mabos/assets/hero-banners/hero-banner-vivid-mosaic-no2.png
MEDIA: /home/kingler/openclaw-mabos/extensions/mabos/assets/hero-banners/hero-banner-vivid-mosaic-no2.png
  SUCCESS: /home/kingler/openclaw-mabos/extensions/mabos/assets/hero-banners/hero-banner-vivid-mosaic-no2.png
──────────────────────────────────────────────────────────
  Generating: vivid-mosaic-no4 (Mosaic)
  CDN: https://cdn.shopify.com/s/files/1/0785/1504/4639/files/vw-printable-vivid-mosaic-no4-hero.png?v=1772911293
  Output: /home/kingler/openclaw-mabos/extensions/mabos/assets/hero-banners/hero-banner-vivid-mosaic-no4.png
  Downloading artwork...
  Generating image with Nano Banana Pro...
Loaded input image: /home/kingler/openclaw-mabos/extensions/mabos/assets/hero-banners/../artwork-printables/vivid-mosaic-no4-hero.png
Processing 1 image with resolution 2K...

Image saved: /home/kingler/openclaw-mabos/extensions/mabos/assets/hero-banners/hero-banner-vivid-mosaic-no4.png
MEDIA: /home/kingler/openclaw-mabos/extensions/mabos/assets/hero-banners/hero-banner-vivid-mosaic-no4.png
  SUCCESS: /home/kingler/openclaw-mabos/extensions/mabos/assets/hero-banners/hero-banner-vivid-mosaic-no4.png
──────────────────────────────────────────────────────────
  Generating: vivid-mosaic-no4b (Mosaic)
  CDN: https://cdn.shopify.com/s/files/1/0785/1504/4639/files/vw-printable-vivid-mosaic-no4b-hero.png?v=1772911293
  Output: /home/kingler/openclaw-mabos/extensions/mabos/assets/hero-banners/hero-banner-vivid-mosaic-no4b.png
  Downloading artwork...
  Generating image with Nano Banana Pro...
Loaded input image: /home/kingler/openclaw-mabos/extensions/mabos/assets/hero-banners/../artwork-printables/vivid-mosaic-no4b-hero.png
Processing 1 image with resolution 2K...

Image saved: /home/kingler/openclaw-mabos/extensions/mabos/assets/hero-banners/hero-banner-vivid-mosaic-no4b.png
MEDIA: /home/kingler/openclaw-mabos/extensions/mabos/assets/hero-banners/hero-banner-vivid-mosaic-no4b.png
  SUCCESS: /home/kingler/openclaw-mabos/extensions/mabos/assets/hero-banners/hero-banner-vivid-mosaic-no4b.png
──────────────────────────────────────────────────────────
  Generating: dark-kimono (Kimono)
  CDN: https://cdn.shopify.com/s/files/1/0785/1504/4639/files/vw-printable-dark-kimono-hero_c039b7f8-31df-4b47-8737-5940bcb89c23.png?v=1772911192
  Output: /home/kingler/openclaw-mabos/extensions/mabos/assets/hero-banners/hero-banner-dark-kimono.png
  Downloading artwork...
  Generating image with Nano Banana Pro...
Loaded input image: /home/kingler/openclaw-mabos/extensions/mabos/assets/hero-banners/../artwork-printables/dark-kimono-hero.png
Processing 1 image with resolution 2K...

Image saved: /home/kingler/openclaw-mabos/extensions/mabos/assets/hero-banners/hero-banner-dark-kimono.png
MEDIA: /home/kingler/openclaw-mabos/extensions/mabos/assets/hero-banners/hero-banner-dark-kimono.png
  SUCCESS: /home/kingler/openclaw-mabos/extensions/mabos/assets/hero-banners/hero-banner-dark-kimono.png
──────────────────────────────────────────────────────────
  Generating: monochrome-kimono (Kimono)
  CDN: https://cdn.shopify.com/s/files/1/0785/1504/4639/files/vw-printable-monochrome-kimono-hero.png?v=1772911227
  Output: /home/kingler/openclaw-mabos/extensions/mabos/assets/hero-banners/hero-banner-monochrome-kimono.png
  Downloading artwork...
  Generating image with Nano Banana Pro...
Loaded input image: /home/kingler/openclaw-mabos/extensions/mabos/assets/hero-banners/../artwork-printables/monochrome-kimono-hero.png
Processing 1 image with resolution 2K...

Image saved: /home/kingler/openclaw-mabos/extensions/mabos/assets/hero-banners/hero-banner-monochrome-kimono.png
MEDIA: /home/kingler/openclaw-mabos/extensions/mabos/assets/hero-banners/hero-banner-monochrome-kimono.png
  SUCCESS: /home/kingler/openclaw-mabos/extensions/mabos/assets/hero-banners/hero-banner-monochrome-kimono.png
──────────────────────────────────────────────────────────
  Generating: red-kimono (Kimono)
  CDN: https://cdn.shopify.com/s/files/1/0785/1504/4639/files/vw-printable-red-kimono-hero.png?v=1772911265
  Output: /home/kingler/openclaw-mabos/extensions/mabos/assets/hero-banners/hero-banner-red-kimono.png
  Downloading artwork...
  Generating image with Nano Banana Pro...
Loaded input image: /home/kingler/openclaw-mabos/extensions/mabos/assets/hero-banners/../artwork-printables/red-kimono-hero.png
Processing 1 image with resolution 2K...

Image saved: /home/kingler/openclaw-mabos/extensions/mabos/assets/hero-banners/hero-banner-red-kimono.png
MEDIA: /home/kingler/openclaw-mabos/extensions/mabos/assets/hero-banners/hero-banner-red-kimono.png
  SUCCESS: /home/kingler/openclaw-mabos/extensions/mabos/assets/hero-banners/hero-banner-red-kimono.png
  SKIP: echoes (already exists)
──────────────────────────────────────────────────────────
  Generating: emergence (Emergence)
  CDN: https://cdn.shopify.com/s/files/1/0785/1504/4639/files/vw-printable-emergence-hero.png?v=1772911197
  Output: /home/kingler/openclaw-mabos/extensions/mabos/assets/hero-banners/hero-banner-emergence.png
  Downloading artwork...
  Generating image with Nano Banana Pro...
Loaded input image: /home/kingler/openclaw-mabos/extensions/mabos/assets/hero-banners/../artwork-printables/emergence-hero.png
Processing 1 image with resolution 2K...

Image saved: /home/kingler/openclaw-mabos/extensions/mabos/assets/hero-banners/hero-banner-emergence.png
MEDIA: /home/kingler/openclaw-mabos/extensions/mabos/assets/hero-banners/hero-banner-emergence.png
  SUCCESS: /home/kingler/openclaw-mabos/extensions/mabos/assets/hero-banners/hero-banner-emergence.png
──────────────────────────────────────────────────────────
  Generating: fractal-double-red (Fractal)
  CDN: https://cdn.shopify.com/s/files/1/0785/1504/4639/files/vw-printable-fractal-double-red-hero.png?v=1772911199
  Output: /home/kingler/openclaw-mabos/extensions/mabos/assets/hero-banners/hero-banner-fractal-double-red.png
  Downloading artwork...
  Generating image with Nano Banana Pro...
Loaded input image: /home/kingler/openclaw-mabos/extensions/mabos/assets/hero-banners/../artwork-printables/fractal-double-red-hero.png
Processing 1 image with resolution 2K...

Image saved: /home/kingler/openclaw-mabos/extensions/mabos/assets/hero-banners/hero-banner-fractal-double-red.png
MEDIA: /home/kingler/openclaw-mabos/extensions/mabos/assets/hero-banners/hero-banner-fractal-double-red.png
  SUCCESS: /home/kingler/openclaw-mabos/extensions/mabos/assets/hero-banners/hero-banner-fractal-double-red.png
──────────────────────────────────────────────────────────
  Generating: fractal-no1 (Fractal)
  CDN: https://cdn.shopify.com/s/files/1/0785/1504/4639/files/vw-printable-fractal-no1-hero.png?v=1772911203
  Output: /home/kingler/openclaw-mabos/extensions/mabos/assets/hero-banners/hero-banner-fractal-no1.png
  Downloading artwork...
  Generating image with Nano Banana Pro...
Loaded input image: /home/kingler/openclaw-mabos/extensions/mabos/assets/hero-banners/../artwork-printables/fractal-no1-hero.png
Processing 1 image with resolution 2K...

Image saved: /home/kingler/openclaw-mabos/extensions/mabos/assets/hero-banners/hero-banner-fractal-no1.png
MEDIA: /home/kingler/openclaw-mabos/extensions/mabos/assets/hero-banners/hero-banner-fractal-no1.png
  SUCCESS: /home/kingler/openclaw-mabos/extensions/mabos/assets/hero-banners/hero-banner-fractal-no1.png
──────────────────────────────────────────────────────────
  Generating: fractal-no2 (Fractal)
  CDN: https://cdn.shopify.com/s/files/1/0785/1504/4639/files/vw-printable-fractal-no2-hero.png?v=1772911203
  Output: /home/kingler/openclaw-mabos/extensions/mabos/assets/hero-banners/hero-banner-fractal-no2.png
  Downloading artwork...
  Generating image with Nano Banana Pro...
Loaded input image: /home/kingler/openclaw-mabos/extensions/mabos/assets/hero-banners/../artwork-printables/fractal-no2-hero.png
Processing 1 image with resolution 2K...

Image saved: /home/kingler/openclaw-mabos/extensions/mabos/assets/hero-banners/hero-banner-fractal-no2.png
MEDIA: /home/kingler/openclaw-mabos/extensions/mabos/assets/hero-banners/hero-banner-fractal-no2.png
  SUCCESS: /home/kingler/openclaw-mabos/extensions/mabos/assets/hero-banners/hero-banner-fractal-no2.png
──────────────────────────────────────────────────────────
  Generating: fractal-no3 (Fractal)
  CDN: https://cdn.shopify.com/s/files/1/0785/1504/4639/files/vw-printable-fractal-no3-hero.png?v=1772911205
  Output: /home/kingler/openclaw-mabos/extensions/mabos/assets/hero-banners/hero-banner-fractal-no3.png
  Downloading artwork...
  Generating image with Nano Banana Pro...
Loaded input image: /home/kingler/openclaw-mabos/extensions/mabos/assets/hero-banners/../artwork-printables/fractal-no3-hero.png
Processing 1 image with resolution 2K...

Image saved: /home/kingler/openclaw-mabos/extensions/mabos/assets/hero-banners/hero-banner-fractal-no3.png
MEDIA: /home/kingler/openclaw-mabos/extensions/mabos/assets/hero-banners/hero-banner-fractal-no3.png
  SUCCESS: /home/kingler/openclaw-mabos/extensions/mabos/assets/hero-banners/hero-banner-fractal-no3.png
──────────────────────────────────────────────────────────
  Generating: intersecting-perspectives-no2 (Intersecting)
  CDN: https://cdn.shopify.com/s/files/1/0785/1504/4639/files/vw-printable-intersecting-perspectives-no2-hero.png?v=1772911208
  Output: /home/kingler/openclaw-mabos/extensions/mabos/assets/hero-banners/hero-banner-intersecting-perspectives-no2.png
  Downloading artwork...
  Generating image with Nano Banana Pro...
Loaded input image: /home/kingler/openclaw-mabos/extensions/mabos/assets/hero-banners/../artwork-printables/intersecting-perspectives-no2-hero.png
Processing 1 image with resolution 2K...

Image saved: /home/kingler/openclaw-mabos/extensions/mabos/assets/hero-banners/hero-banner-intersecting-perspectives-no2.png
MEDIA: /home/kingler/openclaw-mabos/extensions/mabos/assets/hero-banners/hero-banner-intersecting-perspectives-no2.png
  SUCCESS: /home/kingler/openclaw-mabos/extensions/mabos/assets/hero-banners/hero-banner-intersecting-perspectives-no2.png
──────────────────────────────────────────────────────────
  Generating: intersecting-perspectives-no3 (Intersecting)
  CDN: https://cdn.shopify.com/s/files/1/0785/1504/4639/files/vw-printable-intersecting-perspectives-no3.png?v=1772911213
  Output: /home/kingler/openclaw-mabos/extensions/mabos/assets/hero-banners/hero-banner-intersecting-perspectives-no3.png
  Downloading artwork...
  Generating image with Nano Banana Pro...
Loaded input image: /home/kingler/openclaw-mabos/extensions/mabos/assets/hero-banners/../artwork-printables/intersecting-perspectives-no3-hero.png
Processing 1 image with resolution 2K...

Image saved: /home/kingler/openclaw-mabos/extensions/mabos/assets/hero-banners/hero-banner-intersecting-perspectives-no3.png
MEDIA: /home/kingler/openclaw-mabos/extensions/mabos/assets/hero-banners/hero-banner-intersecting-perspectives-no3.png
  SUCCESS: /home/kingler/openclaw-mabos/extensions/mabos/assets/hero-banners/hero-banner-intersecting-perspectives-no3.png
──────────────────────────────────────────────────────────
  Generating: intersecting-perspectives-no4 (Intersecting)
  CDN: https://cdn.shopify.com/s/files/1/0785/1504/4639/files/vw-printable-intersecting-perspectives-no4.png?v=1772911213
  Output: /home/kingler/openclaw-mabos/extensions/mabos/assets/hero-banners/hero-banner-intersecting-perspectives-no4.png
  Downloading artwork...
  Generating image with Nano Banana Pro...
Loaded input image: /home/kingler/openclaw-mabos/extensions/mabos/assets/hero-banners/../artwork-printables/intersecting-perspectives-no4-hero.png
Processing 1 image with resolution 2K...

Image saved: /home/kingler/openclaw-mabos/extensions/mabos/assets/hero-banners/hero-banner-intersecting-perspectives-no4.png
MEDIA: /home/kingler/openclaw-mabos/extensions/mabos/assets/hero-banners/hero-banner-intersecting-perspectives-no4.png
  SUCCESS: /home/kingler/openclaw-mabos/extensions/mabos/assets/hero-banners/hero-banner-intersecting-perspectives-no4.png
──────────────────────────────────────────────────────────
  Generating: intersecting-perspectives-no5a (Intersecting)
  CDN: https://cdn.shopify.com/s/files/1/0785/1504/4639/files/vw-printable-intersecting-perspectives-no5a.png?v=1772911215
  Output: /home/kingler/openclaw-mabos/extensions/mabos/assets/hero-banners/hero-banner-intersecting-perspectives-no5a.png
  Downloading artwork...
  Generating image with Nano Banana Pro...
Loaded input image: /home/kingler/openclaw-mabos/extensions/mabos/assets/hero-banners/../artwork-printables/intersecting-perspectives-no5a-hero.png
Processing 1 image with resolution 2K...

Image saved: /home/kingler/openclaw-mabos/extensions/mabos/assets/hero-banners/hero-banner-intersecting-perspectives-no5a.png
MEDIA: /home/kingler/openclaw-mabos/extensions/mabos/assets/hero-banners/hero-banner-intersecting-perspectives-no5a.png
  SUCCESS: /home/kingler/openclaw-mabos/extensions/mabos/assets/hero-banners/hero-banner-intersecting-perspectives-no5a.png
──────────────────────────────────────────────────────────
  Generating: intersecting-perspectives-no5b (Intersecting)
  CDN: https://cdn.shopify.com/s/files/1/0785/1504/4639/files/vw-printable-intersecting-perspectives-no5b.png?v=1772911218
  Output: /home/kingler/openclaw-mabos/extensions/mabos/assets/hero-banners/hero-banner-intersecting-perspectives-no5b.png
  Downloading artwork...
  Generating image with Nano Banana Pro...
Loaded input image: /home/kingler/openclaw-mabos/extensions/mabos/assets/hero-banners/../artwork-printables/intersecting-perspectives-no5b-hero.png
Processing 1 image with resolution 2K...

Image saved: /home/kingler/openclaw-mabos/extensions/mabos/assets/hero-banners/hero-banner-intersecting-perspectives-no5b.png
MEDIA: /home/kingler/openclaw-mabos/extensions/mabos/assets/hero-banners/hero-banner-intersecting-perspectives-no5b.png
  SUCCESS: /home/kingler/openclaw-mabos/extensions/mabos/assets/hero-banners/hero-banner-intersecting-perspectives-no5b.png
──────────────────────────────────────────────────────────
  Generating: intersecting-perspectives-no6a (Intersecting)
  CDN: https://cdn.shopify.com/s/files/1/0785/1504/4639/files/vw-printable-intersecting-perspectives-no6a.png?v=1772911220
  Output: /home/kingler/openclaw-mabos/extensions/mabos/assets/hero-banners/hero-banner-intersecting-perspectives-no6a.png
  Downloading artwork...
  Generating image with Nano Banana Pro...
Loaded input image: /home/kingler/openclaw-mabos/extensions/mabos/assets/hero-banners/../artwork-printables/intersecting-perspectives-no6a-hero.png
Processing 1 image with resolution 2K...

Image saved: /home/kingler/openclaw-mabos/extensions/mabos/assets/hero-banners/hero-banner-intersecting-perspectives-no6a.png
MEDIA: /home/kingler/openclaw-mabos/extensions/mabos/assets/hero-banners/hero-banner-intersecting-perspectives-no6a.png
  SUCCESS: /home/kingler/openclaw-mabos/extensions/mabos/assets/hero-banners/hero-banner-intersecting-perspectives-no6a.png
──────────────────────────────────────────────────────────
  Generating: intersecting-perspectives-no6b (Intersecting)
  CDN: https://cdn.shopify.com/s/files/1/0785/1504/4639/files/vw-printable-intersecting-perspectives-no6b.png?v=1772911222
  Output: /home/kingler/openclaw-mabos/extensions/mabos/assets/hero-banners/hero-banner-intersecting-perspectives-no6b.png
  Downloading artwork...
  Generating image with Nano Banana Pro...
Loaded input image: /home/kingler/openclaw-mabos/extensions/mabos/assets/hero-banners/../artwork-printables/intersecting-perspectives-no6b-hero.png
Processing 1 image with resolution 2K...

Image saved: /home/kingler/openclaw-mabos/extensions/mabos/assets/hero-banners/hero-banner-intersecting-perspectives-no6b.png
MEDIA: /home/kingler/openclaw-mabos/extensions/mabos/assets/hero-banners/hero-banner-intersecting-perspectives-no6b.png
  SUCCESS: /home/kingler/openclaw-mabos/extensions/mabos/assets/hero-banners/hero-banner-intersecting-perspectives-no6b.png
──────────────────────────────────────────────────────────
  Generating: intersecting-perspectives-no7a (Intersecting)
  CDN: https://cdn.shopify.com/s/files/1/0785/1504/4639/files/vw-printable-intersecting-perspectives-no7a.png?v=1772911225
  Output: /home/kingler/openclaw-mabos/extensions/mabos/assets/hero-banners/hero-banner-intersecting-perspectives-no7a.png
  Downloading artwork...
  Generating image with Nano Banana Pro...
Loaded input image: /home/kingler/openclaw-mabos/extensions/mabos/assets/hero-banners/../artwork-printables/intersecting-perspectives-no7a-hero.png
Processing 1 image with resolution 2K...

Image saved: /home/kingler/openclaw-mabos/extensions/mabos/assets/hero-banners/hero-banner-intersecting-perspectives-no7a.png
MEDIA: /home/kingler/openclaw-mabos/extensions/mabos/assets/hero-banners/hero-banner-intersecting-perspectives-no7a.png
  SUCCESS: /home/kingler/openclaw-mabos/extensions/mabos/assets/hero-banners/hero-banner-intersecting-perspectives-no7a.png
──────────────────────────────────────────────────────────
  Generating: intersecting-perspectives-no8a (Intersecting)
  CDN: https://cdn.shopify.com/s/files/1/0785/1504/4639/files/vw-printable-intersecting-perspectives-no8a.png?v=1772911226
  Output: /home/kingler/openclaw-mabos/extensions/mabos/assets/hero-banners/hero-banner-intersecting-perspectives-no8a.png
  Downloading artwork...
  Generating image with Nano Banana Pro...
Loaded input image: /home/kingler/openclaw-mabos/extensions/mabos/assets/hero-banners/../artwork-printables/intersecting-perspectives-no8a-hero.png
Processing 1 image with resolution 2K...

Image saved: /home/kingler/openclaw-mabos/extensions/mabos/assets/hero-banners/hero-banner-intersecting-perspectives-no8a.png
MEDIA: /home/kingler/openclaw-mabos/extensions/mabos/assets/hero-banners/hero-banner-intersecting-perspectives-no8a.png
  SUCCESS: /home/kingler/openclaw-mabos/extensions/mabos/assets/hero-banners/hero-banner-intersecting-perspectives-no8a.png
──────────────────────────────────────────────────────────
  Generating: noir-weave (Weave)
  CDN: https://cdn.shopify.com/s/files/1/0785/1504/4639/files/vw-printable-noir-weave-hero.png?v=1772911233
  Output: /home/kingler/openclaw-mabos/extensions/mabos/assets/hero-banners/hero-banner-noir-weave.png
  Downloading artwork...
  Generating image with Nano Banana Pro...
Loaded input image: /home/kingler/openclaw-mabos/extensions/mabos/assets/hero-banners/../artwork-printables/noir-weave-hero.png
Processing 1 image with resolution 2K...

Image saved: /home/kingler/openclaw-mabos/extensions/mabos/assets/hero-banners/hero-banner-noir-weave.png
MEDIA: /home/kingler/openclaw-mabos/extensions/mabos/assets/hero-banners/hero-banner-noir-weave.png
  SUCCESS: /home/kingler/openclaw-mabos/extensions/mabos/assets/hero-banners/hero-banner-noir-weave.png
──────────────────────────────────────────────────────────
  Generating: olive-weave (Weave)
  CDN: https://cdn.shopify.com/s/files/1/0785/1504/4639/files/vw-printable-olive-weave-hero.jpg?v=1772911236
  Output: /home/kingler/openclaw-mabos/extensions/mabos/assets/hero-banners/hero-banner-olive-weave.png
  Downloading artwork...
  Generating image with Nano Banana Pro...
Loaded input image: /home/kingler/openclaw-mabos/extensions/mabos/assets/hero-banners/../artwork-printables/olive-weave-hero.jpg
Processing 1 image with resolution 2K...

Image saved: /home/kingler/openclaw-mabos/extensions/mabos/assets/hero-banners/hero-banner-olive-weave.png
MEDIA: /home/kingler/openclaw-mabos/extensions/mabos/assets/hero-banners/hero-banner-olive-weave.png
  SUCCESS: /home/kingler/openclaw-mabos/extensions/mabos/assets/hero-banners/hero-banner-olive-weave.png
──────────────────────────────────────────────────────────
  Generating: plad-weave-no1 (Weave)
  CDN: https://cdn.shopify.com/s/files/1/0785/1504/4639/files/vw-printable-plad-weave-no1-hero.png?v=1772911259
  Output: /home/kingler/openclaw-mabos/extensions/mabos/assets/hero-banners/hero-banner-plad-weave-no1.png
  Downloading artwork...
  Generating image with Nano Banana Pro...
Loaded input image: /home/kingler/openclaw-mabos/extensions/mabos/assets/hero-banners/../artwork-printables/plad-weave-no1-hero.png
Processing 1 image with resolution 2K...

Image saved: /home/kingler/openclaw-mabos/extensions/mabos/assets/hero-banners/hero-banner-plad-weave-no1.png
MEDIA: /home/kingler/openclaw-mabos/extensions/mabos/assets/hero-banners/hero-banner-plad-weave-no1.png
  SUCCESS: /home/kingler/openclaw-mabos/extensions/mabos/assets/hero-banners/hero-banner-plad-weave-no1.png
──────────────────────────────────────────────────────────
  Generating: plad-weave-no2 (Weave)
  CDN: https://cdn.shopify.com/s/files/1/0785/1504/4639/files/vw-printable-plad-weave-no2-hero.png?v=1772911263
  Output: /home/kingler/openclaw-mabos/extensions/mabos/assets/hero-banners/hero-banner-plad-weave-no2.png
  Downloading artwork...
  Generating image with Nano Banana Pro...
Loaded input image: /home/kingler/openclaw-mabos/extensions/mabos/assets/hero-banners/../artwork-printables/plad-weave-no2-hero.png
Processing 1 image with resolution 2K...

Image saved: /home/kingler/openclaw-mabos/extensions/mabos/assets/hero-banners/hero-banner-plad-weave-no2.png
MEDIA: /home/kingler/openclaw-mabos/extensions/mabos/assets/hero-banners/hero-banner-plad-weave-no2.png
  SUCCESS: /home/kingler/openclaw-mabos/extensions/mabos/assets/hero-banners/hero-banner-plad-weave-no2.png
──────────────────────────────────────────────────────────
  Generating: primary-weave (Weave)
  CDN: https://cdn.shopify.com/s/files/1/0785/1504/4639/files/vw-printable-primary-weave-hero.png?v=1772911264
  Output: /home/kingler/openclaw-mabos/extensions/mabos/assets/hero-banners/hero-banner-primary-weave.png
  Downloading artwork...
  Generating image with Nano Banana Pro...
Loaded input image: /home/kingler/openclaw-mabos/extensions/mabos/assets/hero-banners/../artwork-printables/primary-weave-hero.png
Processing 1 image with resolution 2K...

Image saved: /home/kingler/openclaw-mabos/extensions/mabos/assets/hero-banners/hero-banner-primary-weave.png
MEDIA: /home/kingler/openclaw-mabos/extensions/mabos/assets/hero-banners/hero-banner-primary-weave.png
  SUCCESS: /home/kingler/openclaw-mabos/extensions/mabos/assets/hero-banners/hero-banner-primary-weave.png
──────────────────────────────────────────────────────────
  Generating: parallelogram-chrome-no4 (Parallelogram)
  CDN: https://cdn.shopify.com/s/files/1/0785/1504/4639/files/vw-printable-parallelogram-chrome-no4-hero.png?v=1772911237
  Output: /home/kingler/openclaw-mabos/extensions/mabos/assets/hero-banners/hero-banner-parallelogram-chrome-no4.png
  Downloading artwork...
  Generating image with Nano Banana Pro...
Loaded input image: /home/kingler/openclaw-mabos/extensions/mabos/assets/hero-banners/../artwork-printables/parallelogram-chrome-no4-hero.png
Processing 1 image with resolution 2K...

Image saved: /home/kingler/openclaw-mabos/extensions/mabos/assets/hero-banners/hero-banner-parallelogram-chrome-no4.png
MEDIA: /home/kingler/openclaw-mabos/extensions/mabos/assets/hero-banners/hero-banner-parallelogram-chrome-no4.png
  SUCCESS: /home/kingler/openclaw-mabos/extensions/mabos/assets/hero-banners/hero-banner-parallelogram-chrome-no4.png
──────────────────────────────────────────────────────────
  Generating: parallelogram-chrome-no4b (Parallelogram)
  CDN: https://cdn.shopify.com/s/files/1/0785/1504/4639/files/vw-printable-parallelogram-chrome-no4b-hero.png?v=1772911239
  Output: /home/kingler/openclaw-mabos/extensions/mabos/assets/hero-banners/hero-banner-parallelogram-chrome-no4b.png
  Downloading artwork...
  Generating image with Nano Banana Pro...
Loaded input image: /home/kingler/openclaw-mabos/extensions/mabos/assets/hero-banners/../artwork-printables/parallelogram-chrome-no4b-hero.png
Processing 1 image with resolution 2K...

Image saved: /home/kingler/openclaw-mabos/extensions/mabos/assets/hero-banners/hero-banner-parallelogram-chrome-no4b.png
MEDIA: /home/kingler/openclaw-mabos/extensions/mabos/assets/hero-banners/hero-banner-parallelogram-chrome-no4b.png
  SUCCESS: /home/kingler/openclaw-mabos/extensions/mabos/assets/hero-banners/hero-banner-parallelogram-chrome-no4b.png
──────────────────────────────────────────────────────────
  Generating: parallelogram-chrome-no5 (Parallelogram)
  CDN: https://cdn.shopify.com/s/files/1/0785/1504/4639/files/vw-printable-parallelogram-chrome-no5-hero.png?v=1772911241
  Output: /home/kingler/openclaw-mabos/extensions/mabos/assets/hero-banners/hero-banner-parallelogram-chrome-no5.png
  Downloading artwork...
  Generating image with Nano Banana Pro...
Loaded input image: /home/kingler/openclaw-mabos/extensions/mabos/assets/hero-banners/../artwork-printables/parallelogram-chrome-no5-hero.png
Processing 1 image with resolution 2K...

Image saved: /home/kingler/openclaw-mabos/extensions/mabos/assets/hero-banners/hero-banner-parallelogram-chrome-no5.png
MEDIA: /home/kingler/openclaw-mabos/extensions/mabos/assets/hero-banners/hero-banner-parallelogram-chrome-no5.png
  SUCCESS: /home/kingler/openclaw-mabos/extensions/mabos/assets/hero-banners/hero-banner-parallelogram-chrome-no5.png
──────────────────────────────────────────────────────────
  Generating: parallelogram-chrome-no5b (Parallelogram)
  CDN: https://cdn.shopify.com/s/files/1/0785/1504/4639/files/vw-printable-parallelogram-chrome-no5b-hero.png?v=1772911247
  Output: /home/kingler/openclaw-mabos/extensions/mabos/assets/hero-banners/hero-banner-parallelogram-chrome-no5b.png
  Downloading artwork...
  Generating image with Nano Banana Pro...
Loaded input image: /home/kingler/openclaw-mabos/extensions/mabos/assets/hero-banners/../artwork-printables/parallelogram-chrome-no5b-hero.png
Processing 1 image with resolution 2K...

Image saved: /home/kingler/openclaw-mabos/extensions/mabos/assets/hero-banners/hero-banner-parallelogram-chrome-no5b.png
MEDIA: /home/kingler/openclaw-mabos/extensions/mabos/assets/hero-banners/hero-banner-parallelogram-chrome-no5b.png
  SUCCESS: /home/kingler/openclaw-mabos/extensions/mabos/assets/hero-banners/hero-banner-parallelogram-chrome-no5b.png
──────────────────────────────────────────────────────────
  Generating: parallelogram-chrome-no6 (Parallelogram)
  CDN: https://cdn.shopify.com/s/files/1/0785/1504/4639/files/vw-printable-parallelogram-chrome-no6-hero.png?v=1772911245
  Output: /home/kingler/openclaw-mabos/extensions/mabos/assets/hero-banners/hero-banner-parallelogram-chrome-no6.png
  Downloading artwork...
  Generating image with Nano Banana Pro...
Loaded input image: /home/kingler/openclaw-mabos/extensions/mabos/assets/hero-banners/../artwork-printables/parallelogram-chrome-no6-hero.png
Processing 1 image with resolution 2K...

Image saved: /home/kingler/openclaw-mabos/extensions/mabos/assets/hero-banners/hero-banner-parallelogram-chrome-no6.png
MEDIA: /home/kingler/openclaw-mabos/extensions/mabos/assets/hero-banners/hero-banner-parallelogram-chrome-no6.png
  SUCCESS: /home/kingler/openclaw-mabos/extensions/mabos/assets/hero-banners/hero-banner-parallelogram-chrome-no6.png
──────────────────────────────────────────────────────────
  Generating: parallelogram-illusion-no1 (Parallelogram)
  CDN: https://cdn.shopify.com/s/files/1/0785/1504/4639/files/vw-printable-parallelogram-illusion-no1-hero.png?v=1772911249
  Output: /home/kingler/openclaw-mabos/extensions/mabos/assets/hero-banners/hero-banner-parallelogram-illusion-no1.png
  Downloading artwork...
  Generating image with Nano Banana Pro...
Loaded input image: /home/kingler/openclaw-mabos/extensions/mabos/assets/hero-banners/../artwork-printables/parallelogram-illusion-no1-hero.png
Processing 1 image with resolution 2K...

Image saved: /home/kingler/openclaw-mabos/extensions/mabos/assets/hero-banners/hero-banner-parallelogram-illusion-no1.png
MEDIA: /home/kingler/openclaw-mabos/extensions/mabos/assets/hero-banners/hero-banner-parallelogram-illusion-no1.png
  SUCCESS: /home/kingler/openclaw-mabos/extensions/mabos/assets/hero-banners/hero-banner-parallelogram-illusion-no1.png
──────────────────────────────────────────────────────────
  Generating: parallelogram-illusion-no13b (Parallelogram)
  CDN: https://cdn.shopify.com/s/files/1/0785/1504/4639/files/vw-printable-parallelogram-illusion-no13bhero.png?v=1772911251
  Output: /home/kingler/openclaw-mabos/extensions/mabos/assets/hero-banners/hero-banner-parallelogram-illusion-no13b.png
  Downloading artwork...
  Generating image with Nano Banana Pro...
Loaded input image: /home/kingler/openclaw-mabos/extensions/mabos/assets/hero-banners/../artwork-printables/parallelogram-illusion-no13b-hero.png
Processing 1 image with resolution 2K...

Image saved: /home/kingler/openclaw-mabos/extensions/mabos/assets/hero-banners/hero-banner-parallelogram-illusion-no13b.png
MEDIA: /home/kingler/openclaw-mabos/extensions/mabos/assets/hero-banners/hero-banner-parallelogram-illusion-no13b.png
  SUCCESS: /home/kingler/openclaw-mabos/extensions/mabos/assets/hero-banners/hero-banner-parallelogram-illusion-no13b.png
──────────────────────────────────────────────────────────
  Generating: parallelogram-illusion-no2 (Parallelogram)
  CDN: https://cdn.shopify.com/s/files/1/0785/1504/4639/files/vw-printable-parallelogram-illusion-no2-hero.png?v=1772911254
  Output: /home/kingler/openclaw-mabos/extensions/mabos/assets/hero-banners/hero-banner-parallelogram-illusion-no2.png
  Downloading artwork...
  Generating image with Nano Banana Pro...
Loaded input image: /home/kingler/openclaw-mabos/extensions/mabos/assets/hero-banners/../artwork-printables/parallelogram-illusion-no2-hero.png
Processing 1 image with resolution 2K...

Image saved: /home/kingler/openclaw-mabos/extensions/mabos/assets/hero-banners/hero-banner-parallelogram-illusion-no2.png
MEDIA: /home/kingler/openclaw-mabos/extensions/mabos/assets/hero-banners/hero-banner-parallelogram-illusion-no2.png
  SUCCESS: /home/kingler/openclaw-mabos/extensions/mabos/assets/hero-banners/hero-banner-parallelogram-illusion-no2.png
──────────────────────────────────────────────────────────
  Generating: parallelogram-illusion-no3 (Parallelogram)
  CDN: https://cdn.shopify.com/s/files/1/0785/1504/4639/files/vw-printable-parallelogram-illusion-no3-hero.png?v=1772911257
  Output: /home/kingler/openclaw-mabos/extensions/mabos/assets/hero-banners/hero-banner-parallelogram-illusion-no3.png
  Downloading artwork...
  Generating image with Nano Banana Pro...
Loaded input image: /home/kingler/openclaw-mabos/extensions/mabos/assets/hero-banners/../artwork-printables/parallelogram-illusion-no3-hero.png
Processing 1 image with resolution 2K...

Image saved: /home/kingler/openclaw-mabos/extensions/mabos/assets/hero-banners/hero-banner-parallelogram-illusion-no3.png
MEDIA: /home/kingler/openclaw-mabos/extensions/mabos/assets/hero-banners/hero-banner-parallelogram-illusion-no3.png
  SUCCESS: /home/kingler/openclaw-mabos/extensions/mabos/assets/hero-banners/hero-banner-parallelogram-illusion-no3.png
──────────────────────────────────────────────────────────
  Generating: space-form-no1 (Space Form)
  CDN: https://cdn.shopify.com/s/files/1/0785/1504/4639/files/vw-printable-space-form-no1-hero.png?v=1772911269
  Output: /home/kingler/openclaw-mabos/extensions/mabos/assets/hero-banners/hero-banner-space-form-no1.png
  Downloading artwork...
  Generating image with Nano Banana Pro...
Loaded input image: /home/kingler/openclaw-mabos/extensions/mabos/assets/hero-banners/../artwork-printables/space-form-no1-hero.png
Processing 1 image with resolution 2K...

Image saved: /home/kingler/openclaw-mabos/extensions/mabos/assets/hero-banners/hero-banner-space-form-no1.png
MEDIA: /home/kingler/openclaw-mabos/extensions/mabos/assets/hero-banners/hero-banner-space-form-no1.png
  SUCCESS: /home/kingler/openclaw-mabos/extensions/mabos/assets/hero-banners/hero-banner-space-form-no1.png
──────────────────────────────────────────────────────────
  Generating: space-form-no3 (Space Form)
  CDN: https://cdn.shopify.com/s/files/1/0785/1504/4639/files/vw-printable-space-form-no3-hero.png?v=1772911271
  Output: /home/kingler/openclaw-mabos/extensions/mabos/assets/hero-banners/hero-banner-space-form-no3.png
  Downloading artwork...
  Generating image with Nano Banana Pro...
Loaded input image: /home/kingler/openclaw-mabos/extensions/mabos/assets/hero-banners/../artwork-printables/space-form-no3-hero.png
Processing 1 image with resolution 2K...

Image saved: /home/kingler/openclaw-mabos/extensions/mabos/assets/hero-banners/hero-banner-space-form-no3.png
MEDIA: /home/kingler/openclaw-mabos/extensions/mabos/assets/hero-banners/hero-banner-space-form-no3.png
  SUCCESS: /home/kingler/openclaw-mabos/extensions/mabos/assets/hero-banners/hero-banner-space-form-no3.png
──────────────────────────────────────────────────────────
  Generating: space-form-no4 (Space Form)
  CDN: https://cdn.shopify.com/s/files/1/0785/1504/4639/files/vw-printable-space-form-no4-hero.png?v=1772911273
  Output: /home/kingler/openclaw-mabos/extensions/mabos/assets/hero-banners/hero-banner-space-form-no4.png
  Downloading artwork...
  Generating image with Nano Banana Pro...
Loaded input image: /home/kingler/openclaw-mabos/extensions/mabos/assets/hero-banners/../artwork-printables/space-form-no4-hero.png
Processing 1 image with resolution 2K...

Image saved: /home/kingler/openclaw-mabos/extensions/mabos/assets/hero-banners/hero-banner-space-form-no4.png
MEDIA: /home/kingler/openclaw-mabos/extensions/mabos/assets/hero-banners/hero-banner-space-form-no4.png
  SUCCESS: /home/kingler/openclaw-mabos/extensions/mabos/assets/hero-banners/hero-banner-space-form-no4.png
──────────────────────────────────────────────────────────
  Generating: space-form-no5 (Space Form)
  CDN: https://cdn.shopify.com/s/files/1/0785/1504/4639/files/vw-printable-space-form-no5-hero.png?v=1772911275
  Output: /home/kingler/openclaw-mabos/extensions/mabos/assets/hero-banners/hero-banner-space-form-no5.png
  Downloading artwork...
  Generating image with Nano Banana Pro...
Loaded input image: /home/kingler/openclaw-mabos/extensions/mabos/assets/hero-banners/../artwork-printables/space-form-no5-hero.png
Processing 1 image with resolution 2K...

Image saved: /home/kingler/openclaw-mabos/extensions/mabos/assets/hero-banners/hero-banner-space-form-no5.png
MEDIA: /home/kingler/openclaw-mabos/extensions/mabos/assets/hero-banners/hero-banner-space-form-no5.png
  SUCCESS: /home/kingler/openclaw-mabos/extensions/mabos/assets/hero-banners/hero-banner-space-form-no5.png
──────────────────────────────────────────────────────────
  Generating: space-form-no6 (Space Form)
  CDN: https://cdn.shopify.com/s/files/1/0785/1504/4639/files/vw-printable-space-form-no6-hero.png?v=1772911278
  Output: /home/kingler/openclaw-mabos/extensions/mabos/assets/hero-banners/hero-banner-space-form-no6.png
  Downloading artwork...
  Generating image with Nano Banana Pro...
Loaded input image: /home/kingler/openclaw-mabos/extensions/mabos/assets/hero-banners/../artwork-printables/space-form-no6-hero.png
Processing 1 image with resolution 2K...

Image saved: /home/kingler/openclaw-mabos/extensions/mabos/assets/hero-banners/hero-banner-space-form-no6.png
MEDIA: /home/kingler/openclaw-mabos/extensions/mabos/assets/hero-banners/hero-banner-space-form-no6.png
  SUCCESS: /home/kingler/openclaw-mabos/extensions/mabos/assets/hero-banners/hero-banner-space-form-no6.png
──────────────────────────────────────────────────────────
  Generating: space-form-noir-no1 (Space Form)
  CDN: https://cdn.shopify.com/s/files/1/0785/1504/4639/files/vw-printable-space-form-noir-no1-hero.png?v=1772911281
  Output: /home/kingler/openclaw-mabos/extensions/mabos/assets/hero-banners/hero-banner-space-form-noir-no1.png
  Downloading artwork...
  Generating image with Nano Banana Pro...
Loaded input image: /home/kingler/openclaw-mabos/extensions/mabos/assets/hero-banners/../artwork-printables/space-form-noir-no1-hero.png
Processing 1 image with resolution 2K...

Image saved: /home/kingler/openclaw-mabos/extensions/mabos/assets/hero-banners/hero-banner-space-form-noir-no1.png
MEDIA: /home/kingler/openclaw-mabos/extensions/mabos/assets/hero-banners/hero-banner-space-form-noir-no1.png
  SUCCESS: /home/kingler/openclaw-mabos/extensions/mabos/assets/hero-banners/hero-banner-space-form-noir-no1.png

═══════════════════════════════════════════════════════════
  Generation Complete
  Success: 47
  Failed:  0
  Skipped: 1
  Total:   48
═══════════════════════════════════════════════════════════
