2026-04-03T00:12:33 git commit -m "scene(cafe): improve carpet texture — reduce noise at mobile scale"
2026-04-03T00:28:15 vim tiles.js
2026-04-03T00:45:02 git push origin main
2026-04-03T01:10:44 git commit -m "scene(cafe): NPC presence glow — warm amber in dark corners"
2026-04-03T01:33:20 node --inspect engine-pixi.js
2026-04-03T02:05:00 # went to sleep
2026-04-03T07:15:22 # morning meditation
2026-04-03T07:45:10 # meditation ended
2026-04-03T08:02:33 git log --oneline -5
2026-04-03T08:15:44 vim sprites.js
2026-04-03T08:30:12 git commit -m "scene(cafe): player visitor glow — cool-white aura"
2026-04-03T09:00:55 pnpm dev
2026-04-03T09:22:18 curl localhost:3000/cafe
2026-04-03T10:05:33 git commit -m "scene(cafe): bar back shelf — bottles behind counter"
2026-04-03T10:30:00 git push origin main
2026-04-03T11:00:15 # lunch break, took son to park
2026-04-03T13:30:22 git diff HEAD~3
2026-04-03T13:45:10 vim engine-pixi.js
2026-04-03T14:12:33 git commit -m "scene(cafe): align bloom lights with pendant positions"
2026-04-03T14:30:44 node scripts/deploy-check.js
2026-04-03T15:00:18 # piano practice - Bohemian Rhapsody
2026-04-03T15:45:33 vim tiles.js
2026-04-03T16:10:22 git commit -m "scene(cafe): counter front panel depth — ogee profile"
2026-04-03T16:55:44 git push origin main
2026-04-03T17:30:00 # dinner with family
2026-04-03T19:15:33 vim AGENTS.md
2026-04-03T19:30:12 git commit -m "docs: update agent architecture for v19 digital twin"
2026-04-03T20:00:44 node harvest-echo.js --dry-run
2026-04-03T20:45:18 # reading - "The Art of Doing Science and Engineering"
2026-04-03T22:00:33 vim sprites.js
2026-04-03T22:30:15 git commit -m "scene(cafe): espresso machine steam particles"
2026-04-03T23:15:00 git push origin main
2026-04-03T23:45:22 # sleep
