quality gate started: 2026-03-24T02:37:49Z
repo: .
umask: 0022 (was 0077)
[INFO] node_modules already present
==== pnpm build ====

> openclaw@2026.3.23 build /Users/newdldewdl/openclaw-contrib
> pnpm canvas:a2ui:bundle && node scripts/tsdown-build.mjs && node scripts/runtime-postbuild.mjs && node scripts/build-stamp.mjs && pnpm build:plugin-sdk:dts && node --import tsx scripts/write-plugin-sdk-entry-dts.ts && node --import tsx scripts/canvas-a2ui-copy.ts && node --import tsx scripts/copy-hook-metadata.ts && node --import tsx scripts/copy-export-html-templates.ts && node --import tsx scripts/write-build-info.ts && node --import tsx scripts/write-cli-startup-metadata.ts && node --import tsx scripts/write-cli-compat.ts


> openclaw@2026.3.23 canvas:a2ui:bundle /Users/newdldewdl/openclaw-contrib
> bash scripts/bundle-a2ui.sh

<DIR>/a2ui.bundle.js  chunk │ size: 474.70 kB

✔ rolldown v1.0.0-rc.9 Finished in 70.12 ms

> openclaw@2026.3.23 build:plugin-sdk:dts /Users/newdldewdl/openclaw-contrib
> tsc -p tsconfig.plugin-sdk.dts.json

[copy-hook-metadata] Copied 4 hook metadata files.
[copy-export-html-templates] Copied 5 export-html assets.
[PASS] pnpm build
==== pnpm format:check (advisory) ====

> openclaw@2026.3.23 format:check /Users/newdldewdl/openclaw-contrib
> oxfmt --check --threads=1

Checking formatting...

 ELIFECYCLE  Command failed.
